#
# There is insufficient memory for the Java Runtime Environment to continue.
# Native memory allocation (malloc) failed to allocate 1470352 bytes for Chunk::new
# Possible reasons:
#   The system is out of physical RAM or swap space
#   The process is running with CompressedOops enabled, and the Java Heap may be blocking the growth of the native heap
# Possible solutions:
#   Reduce memory load on the system
#   Increase physical memory or swap space
#   Check if swap backing store is full
#   Decrease Java heap size (-Xmx/-Xms)
#   Decrease number of Java threads
#   Decrease Java thread stack sizes (-Xss)
#   Set larger code cache with -XX:ReservedCodeCacheSize=
#   JVM is running with Unscaled Compressed Oops mode in which the Java heap is
#     placed in the first 4GB address space. The Java Heap base address is the
#     maximum limit for the native heap growth. Please use -XX:HeapBaseMinAddress
#     to set the Java Heap base and to place the Java Heap above 4GB virtual address.
# This output file may be truncated or incomplete.
#
#  Out of Memory Error (allocation.cpp:389), pid=10256, tid=0x0000000000002414
#
# JRE version: OpenJDK Runtime Environment (8.0_242-b01) (build 1.8.0_242-release-1644-b01)
# Java VM: OpenJDK 64-Bit Server VM (25.242-b01 mixed mode windows-amd64 compressed oops)
# Failed to write core dump. Minidumps are not enabled by default on client versions of Windows
#

---------------  T H R E A D  ---------------

Current thread (0x0000000019400000):  JavaThread "C2 CompilerThread2" daemon [_thread_in_native, id=9236, stack(0x0000000019e80000,0x0000000019f80000)]

Stack: [0x0000000019e80000,0x0000000019f80000]
[error occurred during error reporting (printing stack bounds), id 0xc0000005]

Native frames: (J=compiled Java code, j=interpreted, Vv=VM code, C=native code)


Current CompileTask:
C2:   6597 2586       4       groovy.lang.MetaClassImpl$1MOPIter::methodNameAction (325 bytes)


---------------  P R O C E S S  ---------------

Java Threads: ( => current thread )
  0x000000001f4b1000 JavaThread "Build operations Thread 8" [_thread_blocked, id=4616, stack(0x0000000024070000,0x0000000024170000)]
  0x000000001f4ae000 JavaThread "Build operations Thread 7" [_thread_blocked, id=13236, stack(0x0000000023f70000,0x0000000024070000)]
  0x000000001f4ab000 JavaThread "Build operations Thread 6" [_thread_blocked, id=13064, stack(0x0000000023e70000,0x0000000023f70000)]
  0x000000001f4af800 JavaThread "Build operations Thread 5" [_thread_blocked, id=9856, stack(0x0000000023d70000,0x0000000023e70000)]
  0x000000001f4b0000 JavaThread "Build operations Thread 4" [_thread_blocked, id=12776, stack(0x0000000023c70000,0x0000000023d70000)]
  0x000000001f4ae800 JavaThread "Build operations Thread 3" [_thread_blocked, id=5144, stack(0x0000000023b70000,0x0000000023c70000)]
  0x000000001f4a8000 JavaThread "Build operations Thread 2" [_thread_blocked, id=8464, stack(0x0000000023a70000,0x0000000023b70000)]
  0x000000001f4ad000 JavaThread "Build operations" [_thread_blocked, id=13540, stack(0x0000000020af0000,0x0000000020bf0000)]
  0x0000000019401000 JavaThread "Cache worker for execution history cache (C:\Users\mo\.gradle\caches\6.1.1\executionHistory)" [_thread_blocked, id=9804, stack(0x0000000020540000,0x0000000020640000)]
  0x0000000019404000 JavaThread "Cache worker for cache directory md-rule (C:\Users\mo\.gradle\caches\6.1.1\md-rule)" [_thread_blocked, id=4068, stack(0x0000000020440000,0x0000000020540000)]
  0x0000000019403000 JavaThread "Cache worker for cache directory md-supplier (C:\Users\mo\.gradle\caches\6.1.1\md-supplier)" [_thread_blocked, id=12000, stack(0x0000000020340000,0x0000000020440000)]
  0x0000000019405800 JavaThread "Cache worker for file hash cache (F:\mahmoud\RunningApp\.gradle\6.1.1\fileHashes)" [_thread_blocked, id=6632, stack(0x00000000207f0000,0x00000000208f0000)]
  0x0000000019406000 JavaThread "Cache worker for checksums cache (F:\mahmoud\RunningApp\.gradle\checksums)" [_thread_blocked, id=13464, stack(0x00000000206f0000,0x00000000207f0000)]
  0x0000000019404800 JavaThread "Cache worker for file hash cache (C:\Users\mo\.gradle\caches\6.1.1\fileHashes)" [_thread_blocked, id=11548, stack(0x000000001e0a0000,0x000000001e1a0000)]
  0x0000000019402800 JavaThread "File lock request listener" [_thread_in_native, id=12228, stack(0x000000001dfa0000,0x000000001e0a0000)]
  0x000000001a514000 JavaThread "Cache worker for journal cache (C:\Users\mo\.gradle\caches\journal-1)" [_thread_blocked, id=11704, stack(0x000000001dea0000,0x000000001dfa0000)]
  0x000000001bcc7800 JavaThread "Thread-9" [_thread_blocked, id=13704, stack(0x000000001dba0000,0x000000001dca0000)]
  0x000000001bcc6800 JavaThread "Stdin handler" [_thread_blocked, id=6628, stack(0x000000001daa0000,0x000000001dba0000)]
  0x000000001bd56800 JavaThread "Asynchronous log dispatcher for DefaultDaemonConnection: socket connection from /127.0.0.1:53151 to /127.0.0.1:53152" [_thread_blocked, id=13492, stack(0x000000001d9a0000,0x000000001daa0000)]
  0x000000001bd54000 JavaThread "Daemon worker" [_thread_in_native, id=12084, stack(0x000000001d8a0000,0x000000001d9a0000)]
  0x000000001bd4f800 JavaThread "Cancel handler" [_thread_blocked, id=5260, stack(0x000000001d7a0000,0x000000001d8a0000)]
  0x000000001bc99000 JavaThread "Handler for socket connection from /127.0.0.1:53151 to /127.0.0.1:53152" [_thread_in_native, id=10820, stack(0x000000001d4a0000,0x000000001d5a0000)]
  0x000000001bc95000 JavaThread "Daemon" [_thread_blocked, id=9380, stack(0x000000001d3a0000,0x000000001d4a0000)]
  0x000000001bc86000 JavaThread "Daemon periodic checks" [_thread_blocked, id=10592, stack(0x000000001d2a0000,0x000000001d3a0000)]
  0x000000001bc69000 JavaThread "Incoming local TCP Connector on port 53151" [_thread_in_native, id=10436, stack(0x000000001d060000,0x000000001d160000)]
  0x000000001b847800 JavaThread "Daemon health stats" [_thread_blocked, id=4520, stack(0x000000001ca20000,0x000000001cb20000)]
  0x000000001949a000 JavaThread "Service Thread" daemon [_thread_blocked, id=11112, stack(0x000000001a080000,0x000000001a180000)]
  0x00000000193ff800 JavaThread "C1 CompilerThread3" daemon [_thread_blocked, id=12016, stack(0x0000000019f80000,0x000000001a080000)]
=>0x0000000019400000 JavaThread "C2 CompilerThread2" daemon [_thread_in_native, id=9236, stack(0x0000000019e80000,0x0000000019f80000)]
  0x0000000019401800 JavaThread "C2 CompilerThread1" daemon [_thread_in_native, id=5996, stack(0x0000000019d80000,0x0000000019e80000)]
  0x00000000193b1000 JavaThread "C2 CompilerThread0" daemon [_thread_in_native, id=10552, stack(0x0000000019c80000,0x0000000019d80000)]
  0x00000000193b0000 JavaThread "Attach Listener" daemon [_thread_blocked, id=1816, stack(0x0000000019b80000,0x0000000019c80000)]
  0x00000000193fc800 JavaThread "Signal Dispatcher" daemon [_thread_blocked, id=8424, stack(0x0000000019a80000,0x0000000019b80000)]
  0x00000000175a2800 JavaThread "Finalizer" daemon [_thread_blocked, id=11844, stack(0x0000000019880000,0x0000000019980000)]
  0x000000001759b800 JavaThread "Reference Handler" daemon [_thread_blocked, id=13360, stack(0x0000000019780000,0x0000000019880000)]
  0x000000000252e800 JavaThread "main" [_thread_blocked, id=13588, stack(0x0000000002210000,0x0000000002310000)]

Other Threads:
  0x0000000017596000 VMThread [stack: 0x0000000019280000,0x0000000019380000] [id=13572]
  0x000000001949b000 WatcherThread [stack: 0x000000001a180000,0x000000001a280000] [id=10812]

VM state:not at safepoint (normal execution)

VM Mutex/Monitor currently owned by a thread: None

heap address: 0x0000000080000000, size: 2048 MB, Compressed Oops mode: 32-bit
Narrow klass base: 0x0000000000000000, Narrow klass shift: 3
Compressed class space size: 1073741824 Address: 0x0000000100000000

Heap:
 PSYoungGen      total 115200K, used 32157K [0x00000000d5580000, 0x00000000df700000, 0x0000000100000000)
  eden space 102912K, 31% used [0x00000000d5580000,0x00000000d74e75d8,0x00000000dba00000)
  from space 12288K, 0% used [0x00000000dba00000,0x00000000dba00000,0x00000000dc600000)
  to   space 12288K, 0% used [0x00000000deb00000,0x00000000deb00000,0x00000000df700000)
 ParOldGen       total 90624K, used 15283K [0x0000000080000000, 0x0000000085880000, 0x00000000d5580000)
  object space 90624K, 16% used [0x0000000080000000,0x0000000080eece40,0x0000000085880000)
 Metaspace       used 35559K, capacity 36676K, committed 37040K, reserved 1081344K
  class space    used 4887K, capacity 5171K, committed 5296K, reserved 1048576K

Card table byte_map: [0x00000000118f0000,0x0000000011d00000] byte_map_base: 0x00000000114f0000

Marking Bits: (ParMarkBitMap*) 0x00000000680ff030
 Begin Bits: [0x00000000127b0000, 0x00000000147b0000)
 End Bits:   [0x00000000147b0000, 0x00000000167b0000)

Polling page: 0x00000000001f0000

CodeCache: size=245760Kb used=11274Kb max_used=11373Kb free=234485Kb
 bounds [0x0000000002530000, 0x0000000003060000, 0x0000000011530000]
 total_blobs=3940 nmethods=3239 adapters=613
 compilation: enabled

Compilation events (10 events):
Event: 6.587 Thread 0x00000000193ff800 3464       1       org.codehaus.groovy.reflection.CachedClass::isInterface (5 bytes)
Event: 6.587 Thread 0x00000000193ff800 nmethod 3464 0x00000000026bf8d0 code [0x00000000026bfa20, 0x00000000026bfb30]
Event: 6.587 Thread 0x00000000193ff800 3465       3       org.codehaus.groovy.runtime.metaclass.MetaMethodIndex::addMethodToList (298 bytes)
Event: 6.589 Thread 0x00000000193ff800 nmethod 3465 0x0000000002766410 code [0x00000000027667e0, 0x0000000002768c48]
Event: 6.589 Thread 0x00000000193ff800 3466       3       org.codehaus.groovy.reflection.CachedClass$3::initValue (232 bytes)
Event: 6.593 Thread 0x00000000193ff800 nmethod 3466 0x00000000026b8150 code [0x00000000026b8540, 0x00000000026baab8]
Event: 6.593 Thread 0x00000000193ff800 3467       3       org.codehaus.groovy.util.FastArray::get (7 bytes)
Event: 6.593 Thread 0x00000000193ff800 nmethod 3467 0x00000000026b7d90 code [0x00000000026b7ee0, 0x00000000026b8050]
Event: 6.593 Thread 0x00000000193ff800 3470       1       groovy.lang.MetaClassImpl$MethodIndexAction::skipClass (2 bytes)
Event: 6.593 Thread 0x00000000193ff800 nmethod 3470 0x00000000026bf550 code [0x00000000026bf6a0, 0x00000000026bf7b0]

GC Heap History (10 events):
Event: 3.676 GC heap before
{Heap before GC invocations=7 (full 1):
 PSYoungGen      total 76800K, used 8414K [0x00000000d5580000, 0x00000000dac80000, 0x0000000100000000)
  eden space 66048K, 0% used [0x00000000d5580000,0x00000000d5580000,0x00000000d9600000)
  from space 10752K, 78% used [0x00000000da100000,0x00000000da937b88,0x00000000dab80000)
  to   space 11264K, 0% used [0x00000000d9600000,0x00000000d9600000,0x00000000da100000)
 ParOldGen       total 87552K, used 7642K [0x0000000080000000, 0x0000000085580000, 0x00000000d5580000)
  object space 87552K, 8% used [0x0000000080000000,0x0000000080776a48,0x0000000085580000)
 Metaspace       used 20658K, capacity 21228K, committed 21296K, reserved 1067008K
  class space    used 2893K, capacity 3084K, committed 3120K, reserved 1048576K
Event: 3.724 GC heap after
Heap after GC invocations=7 (full 1):
 PSYoungGen      total 76800K, used 0K [0x00000000d5580000, 0x00000000dac80000, 0x0000000100000000)
  eden space 66048K, 0% used [0x00000000d5580000,0x00000000d5580000,0x00000000d9600000)
  from space 10752K, 0% used [0x00000000da100000,0x00000000da100000,0x00000000dab80000)
  to   space 11264K, 0% used [0x00000000d9600000,0x00000000d9600000,0x00000000da100000)
 ParOldGen       total 60416K, used 9106K [0x0000000080000000, 0x0000000083b00000, 0x00000000d5580000)
  object space 60416K, 15% used [0x0000000080000000,0x00000000808e4af0,0x0000000083b00000)
 Metaspace       used 20658K, capacity 21228K, committed 21296K, reserved 1067008K
  class space    used 2893K, capacity 3084K, committed 3120K, reserved 1048576K
}
Event: 4.510 GC heap before
{Heap before GC invocations=8 (full 1):
 PSYoungGen      total 76800K, used 65797K [0x00000000d5580000, 0x00000000dac80000, 0x0000000100000000)
  eden space 66048K, 99% used [0x00000000d5580000,0x00000000d95c1548,0x00000000d9600000)
  from space 10752K, 0% used [0x00000000da100000,0x00000000da100000,0x00000000dab80000)
  to   space 11264K, 0% used [0x00000000d9600000,0x00000000d9600000,0x00000000da100000)
 ParOldGen       total 60416K, used 9106K [0x0000000080000000, 0x0000000083b00000, 0x00000000d5580000)
  object space 60416K, 15% used [0x0000000080000000,0x00000000808e4af0,0x0000000083b00000)
 Metaspace       used 28279K, capacity 28916K, committed 29232K, reserved 1075200K
  class space    used 3902K, capacity 4127K, committed 4144K, reserved 1048576K
Event: 4.522 GC heap after
Heap after GC invocations=8 (full 1):
 PSYoungGen      total 77312K, used 9147K [0x00000000d5580000, 0x00000000dd200000, 0x0000000100000000)
  eden space 66048K, 0% used [0x00000000d5580000,0x00000000d5580000,0x00000000d9600000)
  from space 11264K, 81% used [0x00000000d9600000,0x00000000d9eeec30,0x00000000da100000)
  to   space 11776K, 0% used [0x00000000dc680000,0x00000000dc680000,0x00000000dd200000)
 ParOldGen       total 60416K, used 9114K [0x0000000080000000, 0x0000000083b00000, 0x00000000d5580000)
  object space 60416K, 15% used [0x0000000080000000,0x00000000808e6af0,0x0000000083b00000)
 Metaspace       used 28279K, capacity 28916K, committed 29232K, reserved 1075200K
  class space    used 3902K, capacity 4127K, committed 4144K, reserved 1048576K
}
Event: 5.444 GC heap before
{Heap before GC invocations=9 (full 1):
 PSYoungGen      total 77312K, used 75195K [0x00000000d5580000, 0x00000000dd200000, 0x0000000100000000)
  eden space 66048K, 100% used [0x00000000d5580000,0x00000000d9600000,0x00000000d9600000)
  from space 11264K, 81% used [0x00000000d9600000,0x00000000d9eeec30,0x00000000da100000)
  to   space 11776K, 0% used [0x00000000dc680000,0x00000000dc680000,0x00000000dd200000)
 ParOldGen       total 60416K, used 9114K [0x0000000080000000, 0x0000000083b00000, 0x00000000d5580000)
  object space 60416K, 15% used [0x0000000080000000,0x00000000808e6af0,0x0000000083b00000)
 Metaspace       used 32569K, capacity 33312K, committed 33456K, reserved 1077248K
  class space    used 4455K, capacity 4673K, committed 4784K, reserved 1048576K
Event: 5.456 GC heap after
Heap after GC invocations=9 (full 1):
 PSYoungGen      total 114688K, used 8813K [0x00000000d5580000, 0x00000000dd200000, 0x0000000100000000)
  eden space 102912K, 0% used [0x00000000d5580000,0x00000000d5580000,0x00000000dba00000)
  from space 11776K, 74% used [0x00000000dc680000,0x00000000dcf1b580,0x00000000dd200000)
  to   space 12288K, 0% used [0x00000000dba00000,0x00000000dba00000,0x00000000dc600000)
 ParOldGen       total 60416K, used 9122K [0x0000000080000000, 0x0000000083b00000, 0x00000000d5580000)
  object space 60416K, 15% used [0x0000000080000000,0x00000000808e8af0,0x0000000083b00000)
 Metaspace       used 32569K, capacity 33312K, committed 33456K, reserved 1077248K
  class space    used 4455K, capacity 4673K, committed 4784K, reserved 1048576K
}
Event: 5.882 GC heap before
{Heap before GC invocations=10 (full 1):
 PSYoungGen      total 114688K, used 51690K [0x00000000d5580000, 0x00000000dd200000, 0x0000000100000000)
  eden space 102912K, 41% used [0x00000000d5580000,0x00000000d7f5f4e8,0x00000000dba00000)
  from space 11776K, 74% used [0x00000000dc680000,0x00000000dcf1b580,0x00000000dd200000)
  to   space 12288K, 0% used [0x00000000dba00000,0x00000000dba00000,0x00000000dc600000)
 ParOldGen       total 60416K, used 9122K [0x0000000080000000, 0x0000000083b00000, 0x00000000d5580000)
  object space 60416K, 15% used [0x0000000080000000,0x00000000808e8af0,0x0000000083b00000)
 Metaspace       used 34598K, capacity 35426K, committed 35496K, reserved 1079296K
  class space    used 4748K, capacity 5002K, committed 5040K, reserved 1048576K
Event: 5.896 GC heap after
Heap after GC invocations=10 (full 1):
 PSYoungGen      total 115200K, used 8491K [0x00000000d5580000, 0x00000000df700000, 0x0000000100000000)
  eden space 102912K, 0% used [0x00000000d5580000,0x00000000d5580000,0x00000000dba00000)
  from space 12288K, 69% used [0x00000000dba00000,0x00000000dc24ae00,0x00000000dc600000)
  to   space 12288K, 0% used [0x00000000deb00000,0x00000000deb00000,0x00000000df700000)
 ParOldGen       total 60416K, used 9130K [0x0000000080000000, 0x0000000083b00000, 0x00000000d5580000)
  object space 60416K, 15% used [0x0000000080000000,0x00000000808eaaf0,0x0000000083b00000)
 Metaspace       used 34598K, capacity 35426K, committed 35496K, reserved 1079296K
  class space    used 4748K, capacity 5002K, committed 5040K, reserved 1048576K
}
Event: 5.896 GC heap before
{Heap before GC invocations=11 (full 2):
 PSYoungGen      total 115200K, used 8491K [0x00000000d5580000, 0x00000000df700000, 0x0000000100000000)
  eden space 102912K, 0% used [0x00000000d5580000,0x00000000d5580000,0x00000000dba00000)
  from space 12288K, 69% used [0x00000000dba00000,0x00000000dc24ae00,0x00000000dc600000)
  to   space 12288K, 0% used [0x00000000deb00000,0x00000000deb00000,0x00000000df700000)
 ParOldGen       total 60416K, used 9130K [0x0000000080000000, 0x0000000083b00000, 0x00000000d5580000)
  object space 60416K, 15% used [0x0000000080000000,0x00000000808eaaf0,0x0000000083b00000)
 Metaspace       used 34598K, capacity 35426K, committed 35496K, reserved 1079296K
  class space    used 4748K, capacity 5002K, committed 5040K, reserved 1048576K
Event: 5.958 GC heap after
Heap after GC invocations=11 (full 2):
 PSYoungGen      total 115200K, used 0K [0x00000000d5580000, 0x00000000df700000, 0x0000000100000000)
  eden space 102912K, 0% used [0x00000000d5580000,0x00000000d5580000,0x00000000dba00000)
  from space 12288K, 0% used [0x00000000dba00000,0x00000000dba00000,0x00000000dc600000)
  to   space 12288K, 0% used [0x00000000deb00000,0x00000000deb00000,0x00000000df700000)
 ParOldGen       total 90624K, used 15283K [0x0000000080000000, 0x0000000085880000, 0x00000000d5580000)
  object space 90624K, 16% used [0x0000000080000000,0x0000000080eece40,0x0000000085880000)
 Metaspace       used 34598K, capacity 35426K, committed 35496K, reserved 1079296K
  class space    used 4748K, capacity 5002K, committed 5040K, reserved 1048576K
}

Deoptimization events (10 events):
Event: 4.930 Thread 0x000000001bd54000 Uncommon trap: reason=unstable_if action=reinterpret pc=0x0000000002e147b8 method=org.gradle.internal.reflect.PropertyAccessorType.isGetGetterName(Ljava/lang/String;)Z @ 14
Event: 4.977 Thread 0x000000001bd54000 Uncommon trap: reason=unstable_if action=reinterpret pc=0x0000000002ca03c0 method=org.objectweb.asm.ByteVector.putShort(I)Lorg/objectweb/asm/ByteVector; @ 13
Event: 5.082 Thread 0x000000001bd54000 Uncommon trap: reason=class_check action=maybe_recompile pc=0x0000000002c58a90 method=sun.misc.URLClassPath.getLoader(I)Lsun/misc/URLClassPath$Loader; @ 94
Event: 5.093 Thread 0x000000001bd54000 Uncommon trap: reason=class_check action=maybe_recompile pc=0x0000000002c62f2c method=sun.misc.URLClassPath.getLoader(I)Lsun/misc/URLClassPath$Loader; @ 239
Event: 5.499 Thread 0x000000001bd54000 Uncommon trap: reason=unstable_if action=reinterpret pc=0x0000000002e6bd20 method=java.net.URI.match(CJJ)Z @ 45
Event: 5.729 Thread 0x000000001bd54000 Uncommon trap: reason=unstable_if action=reinterpret pc=0x0000000002bea17c method=jdk.internal.org.objectweb.asm.Type.getArgumentsAndReturnSizes(Ljava/lang/String;)I @ 88
Event: 6.328 Thread 0x000000001f4ab000 Uncommon trap: reason=unstable_if action=reinterpret pc=0x0000000002aca568 method=java.util.concurrent.ConcurrentHashMap.addCount(JI)V @ 34
Event: 6.328 Thread 0x000000001f4b1000 Uncommon trap: reason=unstable_if action=reinterpret pc=0x0000000002aca568 method=java.util.concurrent.ConcurrentHashMap.addCount(JI)V @ 34
Event: 6.330 Thread 0x000000001f4b1000 Uncommon trap: reason=unstable_if action=reinterpret pc=0x0000000002a16914 method=java.util.concurrent.ConcurrentHashMap.addCount(JI)V @ 168
Event: 6.587 Thread 0x000000001bd54000 Uncommon trap: reason=unstable_if action=reinterpret pc=0x0000000002f01880 method=org.codehaus.groovy.runtime.metaclass.MetaMethodIndex.addMethodToList(Ljava/lang/Object;Lgroovy/lang/MetaMethod;)Ljava/lang/Object; @ 226

Classes redefined (0 events):
No events

Internal exceptions (10 events):
Event: 5.473 Thread 0x000000001bd54000 Exception <a 'java/lang/ClassNotFoundException': org/gradle/api/internal/artifacts/dsl/dependencies/DefaultDependencyHandlerBeanInfo> (0x00000000d5802a88) thrown at [C:\src\AOSP-openjdk-git\hotspot\src\share\vm\classfile\systemDictionary.cpp, line 210]
Event: 5.474 Thread 0x000000001bd54000 Exception <a 'java/lang/ClassNotFoundException': org/gradle/api/internal/artifacts/dsl/dependencies/DefaultDependencyHandlerCustomizer> (0x00000000d585ec00) thrown at [C:\src\AOSP-openjdk-git\hotspot\src\share\vm\classfile\systemDictionary.cpp, line 210]
Event: 5.476 Thread 0x000000001bd54000 Exception <a 'java/lang/ClassNotFoundException': org/gradle/api/internal/artifacts/dsl/dependencies/DefaultDependencyHandler_DecoratedCustomizer> (0x00000000d58ec538) thrown at [C:\src\AOSP-openjdk-git\hotspot\src\share\vm\classfile\systemDictionary.cpp, 
Event: 5.727 Thread 0x000000001bd54000 Exception <a 'java/lang/IncompatibleClassChangeError': Found class java.lang.Object, but interface was expected> (0x00000000d734d188) thrown at [C:\src\AOSP-openjdk-git\hotspot\src\share\vm\interpreter\linkResolver.cpp, line 653]
Event: 5.728 Thread 0x000000001bd54000 Exception <a 'java/lang/NoSuchMethodError': java.lang.Object.lambda$comparing$77a9974f$1(Ljava/util/function/Function;Ljava/lang/Object;Ljava/lang/Object;)I> (0x00000000d7358628) thrown at [C:\src\AOSP-openjdk-git\hotspot\src\share\vm\interpreter\linkReso
Event: 5.730 Thread 0x000000001bd54000 Exception <a 'java/lang/NoSuchMethodError': java.lang.Object.lambda$thenComparing$36697e65$1(Ljava/util/Comparator;Ljava/lang/Object;Ljava/lang/Object;)I> (0x00000000d736c790) thrown at [C:\src\AOSP-openjdk-git\hotspot\src\share\vm\interpreter\linkResolve
Event: 5.733 Thread 0x000000001bd54000 Exception <a 'java/lang/NoSuchMethodError': java.lang.Object.lambda$comparing$ea9a8b3a$1(Ljava/util/Comparator;Ljava/util/function/Function;Ljava/lang/Object;Ljava/lang/Object;)I> (0x00000000d7383820) thrown at [C:\src\AOSP-openjdk-git\hotspot\src\share\v
Event: 6.315 Thread 0x000000001bd54000 Exception <a 'java/lang/NoSuchMethodError': java.lang.Object.lambda$static$0(Lorg/gradle/api/internal/artifacts/ivyservice/resolveengine/artifact/ArtifactVisitor;)V> (0x00000000d63872a0) thrown at [C:\src\AOSP-openjdk-git\hotspot\src\share\vm\interpreter\
Event: 6.543 Thread 0x000000001bd54000 Exception <a 'java/lang/ClassNotFoundException': build_amywel4umiybxmlefqglwu0cxBeanInfo> (0x00000000d7273e48) thrown at [C:\src\AOSP-openjdk-git\hotspot\src\share\vm\classfile\systemDictionary.cpp, line 210]
Event: 6.543 Thread 0x000000001bd54000 Exception <a 'java/lang/ClassNotFoundException': build_amywel4umiybxmlefqglwu0cxCustomizer> (0x00000000d7280f48) thrown at [C:\src\AOSP-openjdk-git\hotspot\src\share\vm\classfile\systemDictionary.cpp, line 210]

Events (10 events):
Event: 6.566 loading class groovy/runtime/metaclass/org/gradle/api/internal/project/DefaultProject_DecoratedMetaClass done
Event: 6.587 Thread 0x000000001bd54000 Uncommon trap: trap_request=0xffffff65 fr.pc=0x0000000002f01880
Event: 6.587 Thread 0x000000001bd54000 DEOPT PACKING pc=0x0000000002f01880 sp=0x000000001d99adc0
Event: 6.587 Thread 0x000000001bd54000 DEOPT UNPACKING pc=0x000000000257557b sp=0x000000001d99ae28 mode 2
Event: 6.592 loading class org/gradle/api/internal/project/DefaultProject_DecoratedBeanInfo
Event: 6.592 loading class org/gradle/api/internal/project/DefaultProject_DecoratedBeanInfo done
Event: 6.592 loading class org/gradle/api/internal/project/DefaultProject_DecoratedBeanInfo
Event: 6.592 loading class org/gradle/api/internal/project/DefaultProject_DecoratedBeanInfo done
Event: 6.592 loading class org/gradle/api/internal/project/DefaultProject_DecoratedBeanInfo
Event: 6.592 loading class org/gradle/api/internal/project/DefaultProject_DecoratedBeanInfo done


Dynamic libraries:
0x00007ff635d90000 - 0x00007ff635dc1000 	C:\Program Files\Android\Android Studio\jre\bin\java.exe
0x00007ffa5ad00000 - 0x00007ffa5aef0000 	C:\WINDOWS\SYSTEM32\ntdll.dll
0x00007ffa5a230000 - 0x00007ffa5a2e2000 	C:\WINDOWS\System32\KERNEL32.DLL
0x00007ffa58220000 - 0x00007ffa584c5000 	C:\WINDOWS\System32\KERNELBASE.dll
0x00007ffa5a970000 - 0x00007ffa5aa13000 	C:\WINDOWS\System32\ADVAPI32.dll
0x00007ffa5a2f0000 - 0x00007ffa5a38e000 	C:\WINDOWS\System32\msvcrt.dll
0x00007ffa5a730000 - 0x00007ffa5a7c7000 	C:\WINDOWS\System32\sechost.dll
0x00007ffa5aa90000 - 0x00007ffa5abb0000 	C:\WINDOWS\System32\RPCRT4.dll
0x00007ffa5a7d0000 - 0x00007ffa5a965000 	C:\WINDOWS\System32\USER32.dll
0x00007ffa58140000 - 0x00007ffa58161000 	C:\WINDOWS\System32\win32u.dll
0x00007ffa59370000 - 0x00007ffa59396000 	C:\WINDOWS\System32\GDI32.dll
0x00007ffa58c50000 - 0x00007ffa58de6000 	C:\WINDOWS\System32\gdi32full.dll
0x00007ffa58df0000 - 0x00007ffa58e8e000 	C:\WINDOWS\System32\msvcp_win.dll
0x00007ffa57e10000 - 0x00007ffa57f0a000 	C:\WINDOWS\System32\ucrtbase.dll
0x00007ffa49930000 - 0x00007ffa49bb4000 	C:\WINDOWS\WinSxS\amd64_microsoft.windows.common-controls_6595b64144ccf1df_6.0.18362.1082_none_9e8193e1e45b25c1\COMCTL32.dll
0x00007ffa59d40000 - 0x00007ffa5a075000 	C:\WINDOWS\System32\combase.dll
0x00007ffa58060000 - 0x00007ffa580e0000 	C:\WINDOWS\System32\bcryptPrimitives.dll
0x00007ffa5abc0000 - 0x00007ffa5abee000 	C:\WINDOWS\System32\IMM32.DLL
0x0000000065970000 - 0x0000000065a42000 	C:\Program Files\Android\Android Studio\jre\jre\bin\msvcr100.dll
0x0000000067930000 - 0x000000006817b000 	C:\Program Files\Android\Android Studio\jre\jre\bin\server\jvm.dll
0x00007ffa593a0000 - 0x00007ffa593a8000 	C:\WINDOWS\System32\PSAPI.DLL
0x00007ffa55fa0000 - 0x00007ffa55fa9000 	C:\WINDOWS\SYSTEM32\WSOCK32.dll
0x00007ffa556a0000 - 0x00007ffa556c4000 	C:\WINDOWS\SYSTEM32\WINMM.dll
0x00007ffa4cbe0000 - 0x00007ffa4cbea000 	C:\WINDOWS\SYSTEM32\VERSION.dll
0x00007ffa5aa20000 - 0x00007ffa5aa8f000 	C:\WINDOWS\System32\WS2_32.dll
0x00007ffa55670000 - 0x00007ffa5569d000 	C:\WINDOWS\SYSTEM32\WINMMBASE.dll
0x00007ffa57d70000 - 0x00007ffa57dba000 	C:\WINDOWS\System32\cfgmgr32.dll
0x00007ffa55f40000 - 0x00007ffa55f4f000 	C:\Program Files\Android\Android Studio\jre\jre\bin\verify.dll
0x00007ffa54370000 - 0x00007ffa54399000 	C:\Program Files\Android\Android Studio\jre\jre\bin\java.dll
0x00007ffa508a0000 - 0x00007ffa508b6000 	C:\Program Files\Android\Android Studio\jre\jre\bin\zip.dll
0x00007ffa59650000 - 0x00007ffa59d37000 	C:\WINDOWS\System32\SHELL32.dll
0x00007ffa5a390000 - 0x00007ffa5a439000 	C:\WINDOWS\System32\shcore.dll
0x00007ffa584d0000 - 0x00007ffa58c50000 	C:\WINDOWS\System32\windows.storage.dll
0x00007ffa57cd0000 - 0x00007ffa57cf3000 	C:\WINDOWS\System32\profapi.dll
0x00007ffa57d20000 - 0x00007ffa57d6a000 	C:\WINDOWS\System32\powrprof.dll
0x00007ffa57ca0000 - 0x00007ffa57cb0000 	C:\WINDOWS\System32\UMPDC.dll
0x00007ffa5a550000 - 0x00007ffa5a5a2000 	C:\WINDOWS\System32\shlwapi.dll
0x00007ffa57d00000 - 0x00007ffa57d11000 	C:\WINDOWS\System32\kernel.appcore.dll
0x00007ffa57dc0000 - 0x00007ffa57dd7000 	C:\WINDOWS\System32\cryptsp.dll
0x00007ffa49380000 - 0x00007ffa4939a000 	C:\Program Files\Android\Android Studio\jre\jre\bin\net.dll
0x00007ffa57490000 - 0x00007ffa574f7000 	C:\WINDOWS\system32\mswsock.dll
0x00007ffa454a0000 - 0x00007ffa454b3000 	C:\Program Files\Android\Android Studio\jre\jre\bin\nio.dll
0x00007ffa3f340000 - 0x00007ffa3f366000 	C:\Users\mo\.gradle\native\31\windows-amd64\native-platform.dll
0x00007ffa54300000 - 0x00007ffa5430d000 	C:\Program Files\Android\Android Studio\jre\jre\bin\management.dll
0x00007ffa57000000 - 0x00007ffa57033000 	C:\WINDOWS\system32\rsaenh.dll
0x00007ffa57de0000 - 0x00007ffa57e06000 	C:\WINDOWS\System32\bcrypt.dll
0x00007ffa57bc0000 - 0x00007ffa57be5000 	C:\WINDOWS\SYSTEM32\USERENV.dll
0x00007ffa57660000 - 0x00007ffa5766c000 	C:\WINDOWS\SYSTEM32\CRYPTBASE.dll
0x00007ffa571a0000 - 0x00007ffa571da000 	C:\WINDOWS\SYSTEM32\IPHLPAPI.DLL
0x00007ffa593b0000 - 0x00007ffa593b8000 	C:\WINDOWS\System32\NSI.dll
0x00007ffa4d210000 - 0x00007ffa4d226000 	C:\WINDOWS\SYSTEM32\dhcpcsvc6.DLL
0x00007ffa4d1f0000 - 0x00007ffa4d20c000 	C:\WINDOWS\SYSTEM32\dhcpcsvc.DLL
0x00007ffa571e0000 - 0x00007ffa572ab000 	C:\WINDOWS\SYSTEM32\DNSAPI.dll

VM Arguments:
jvm_args: -Xmx2048m -Dfile.encoding=windows-1256 -Duser.country=US -Duser.language=en -Duser.variant 
java_command: org.gradle.launcher.daemon.bootstrap.GradleDaemon 6.1.1
java_class_path (initial): C:\Users\mo\.gradle\wrapper\dists\gradle-6.1.1-all\cfmwm155h49vnt3hynmlrsdst\gradle-6.1.1\lib\gradle-launcher-6.1.1.jar
Launcher Type: SUN_STANDARD

Environment Variables:
PATH=C:\WINDOWS\system32;C:\WINDOWS;C:\WINDOWS\System32\Wbem;C:\WINDOWS\System32\WindowsPowerShell\v1.0\;C:\WINDOWS\System32\OpenSSH\;C:\Program Files\dotnet\;C:\Program Files\Microsoft SQL Server\130\Tools\Binn\;C:\Program Files (x86)\IVI Foundation\VISA\WinNT\Bin\;C:\Program Files\IVI Foundation\VISA\Win64\Bin\;C:\Program Files (x86)\IVI Foundation\VISA\WinNT\Bin;C:\Program Files\Git\cmd;C:\Users\mo\AppData\Local\Microsoft\WindowsApps;;F:\IntelliJ IDEA 2020.2.3\bin;
USERNAME=mo
OS=Windows_NT
PROCESSOR_IDENTIFIER=Intel64 Family 6 Model 60 Stepping 3, GenuineIntel



---------------  S Y S T E M  ---------------

OS: Windows 10.0 , 64 bit Build 18362 (10.0.18362.1082)

CPU:total 8 (initial active 8) (4 cores per cpu, 2 threads per core) family 6 model 60 stepping 3, cmov, cx8, fxsr, mmx, sse, sse2, sse3, ssse3, sse4.1, sse4.2, popcnt, avx, avx2, aes, clmul, erms, lzcnt, ht, tsc, tscinvbit, bmi1, bmi2

Memory: 4k page, physical 8291576k(1143096k free), swap 8291576k(5312k free)

vm_info: OpenJDK 64-Bit Server VM (25.242-b01) for windows-amd64 JRE (1.8.0_242-release-1644-b01), built by "builder" with MS VC++ 10.0 (VS2010)

time: Fri Dec 18 13:31:56 2020
timezone: Egypt Standard Time
elapsed time: 6 seconds (0d 0h 0m 6s)

