#
# There is insufficient memory for the Java Runtime Environment to continue.
# Native memory allocation (malloc) failed to allocate 553296 bytes for Chunk::new
# Possible reasons:
#   The system is out of physical RAM or swap space
#   The process is running with CompressedOops enabled, and the Java Heap may be blocking the growth of the native heap
# Possible solutions:
#   Reduce memory load on the system
#   Increase physical memory or swap space
#   Check if swap backing store is full
#   Decrease Java heap size (-Xmx/-Xms)
#   Decrease number of Java threads
#   Decrease Java thread stack sizes (-Xss)
#   Set larger code cache with -XX:ReservedCodeCacheSize=
#   JVM is running with Unscaled Compressed Oops mode in which the Java heap is
#     placed in the first 4GB address space. The Java Heap base address is the
#     maximum limit for the native heap growth. Please use -XX:HeapBaseMinAddress
#     to set the Java Heap base and to place the Java Heap above 4GB virtual address.
# This output file may be truncated or incomplete.
#
#  Out of Memory Error (allocation.cpp:389), pid=400, tid=0x0000000000002f78
#
# JRE version: OpenJDK Runtime Environment (8.0_242-b01) (build 1.8.0_242-release-1644-b01)
# Java VM: OpenJDK 64-Bit Server VM (25.242-b01 mixed mode windows-amd64 compressed oops)
# Failed to write core dump. Minidumps are not enabled by default on client versions of Windows
#

---------------  T H R E A D  ---------------

Current thread (0x000000001816d800):  JavaThread "C2 CompilerThread2" daemon [_thread_in_native, id=12152, stack(0x000000001aa40000,0x000000001ab40000)]

Stack: [0x000000001aa40000,0x000000001ab40000]
[error occurred during error reporting (printing stack bounds), id 0xc0000005]

Native frames: (J=compiled Java code, j=interpreted, Vv=VM code, C=native code)


Current CompileTask:
C2:  36414 2472  s!   4       sun.misc.URLClassPath::getLoader (243 bytes)


---------------  P R O C E S S  ---------------

Java Threads: ( => current thread )
  0x000000001b4a7000 JavaThread "Cache worker for execution history cache (C:\Users\mo\.gradle\caches\6.1.1\executionHistory)" [_thread_blocked, id=13496, stack(0x0000000020730000,0x0000000020830000)]
  0x000000001b4a6800 JavaThread "Cache worker for cache directory md-rule (C:\Users\mo\.gradle\caches\6.1.1\md-rule)" [_thread_blocked, id=464, stack(0x0000000020630000,0x0000000020730000)]
  0x000000001b4a5800 JavaThread "Cache worker for cache directory md-supplier (C:\Users\mo\.gradle\caches\6.1.1\md-supplier)" [_thread_blocked, id=6752, stack(0x0000000020530000,0x0000000020630000)]
  0x000000001b4a5000 JavaThread "Cache worker for file hash cache (F:\mahmoud\RunningApp\.gradle\6.1.1\fileHashes)" [_thread_blocked, id=88, stack(0x0000000020030000,0x0000000020130000)]
  0x000000001b4a2800 JavaThread "Cache worker for checksums cache (F:\mahmoud\RunningApp\.gradle\checksums)" [_thread_blocked, id=8416, stack(0x000000001ff30000,0x0000000020030000)]
  0x000000001b4a2000 JavaThread "Cache worker for file hash cache (C:\Users\mo\.gradle\caches\6.1.1\fileHashes)" [_thread_blocked, id=12464, stack(0x000000001ec60000,0x000000001ed60000)]
  0x000000001b4a3800 JavaThread "File lock request listener" [_thread_in_native, id=12596, stack(0x000000001eb60000,0x000000001ec60000)]
  0x000000001bd4d800 JavaThread "Cache worker for journal cache (C:\Users\mo\.gradle\caches\journal-1)" [_thread_blocked, id=10900, stack(0x000000001ea60000,0x000000001eb60000)]
  0x000000001ae53800 JavaThread "Thread-9" [_thread_blocked, id=5416, stack(0x000000001e760000,0x000000001e860000)]
  0x000000001bcdd000 JavaThread "Stdin handler" [_thread_blocked, id=10456, stack(0x000000001e660000,0x000000001e760000)]
  0x000000001b440800 JavaThread "Asynchronous log dispatcher for DefaultDaemonConnection: socket connection from /127.0.0.1:52894 to /127.0.0.1:52895" [_thread_blocked, id=4588, stack(0x000000001e560000,0x000000001e660000)]
  0x000000001b33d000 JavaThread "Daemon worker" [_thread_in_Java, id=10808, stack(0x000000001e460000,0x000000001e560000)]
  0x000000001ae42800 JavaThread "Cancel handler" [_thread_blocked, id=10644, stack(0x000000001e360000,0x000000001e460000)]
  0x000000001b755800 JavaThread "Handler for socket connection from /127.0.0.1:52894 to /127.0.0.1:52895" [_thread_in_native, id=13336, stack(0x000000001e060000,0x000000001e160000)]
  0x000000001b73b800 JavaThread "Daemon" [_thread_blocked, id=4960, stack(0x000000001df60000,0x000000001e060000)]
  0x000000001b656800 JavaThread "Daemon periodic checks" [_thread_blocked, id=7740, stack(0x000000001de60000,0x000000001df60000)]
  0x000000001b655000 JavaThread "Incoming local TCP Connector on port 52894" [_thread_in_native, id=12316, stack(0x000000001dc20000,0x000000001dd20000)]
  0x000000001c609800 JavaThread "Daemon health stats" [_thread_blocked, id=9468, stack(0x000000001d5e0000,0x000000001d6e0000)]
  0x000000001a049800 JavaThread "Service Thread" daemon [_thread_blocked, id=12304, stack(0x000000001ac40000,0x000000001ad40000)]
  0x000000001816e800 JavaThread "C1 CompilerThread3" daemon [_thread_blocked, id=5404, stack(0x000000001ab40000,0x000000001ac40000)]
=>0x000000001816d800 JavaThread "C2 CompilerThread2" daemon [_thread_in_native, id=12152, stack(0x000000001aa40000,0x000000001ab40000)]
  0x0000000019f7d000 JavaThread "C2 CompilerThread1" daemon [_thread_blocked, id=9184, stack(0x000000001a940000,0x000000001aa40000)]
  0x0000000019f75000 JavaThread "C2 CompilerThread0" daemon [_thread_blocked, id=10492, stack(0x000000001a840000,0x000000001a940000)]
  0x0000000019fc1800 JavaThread "Attach Listener" daemon [_thread_blocked, id=11172, stack(0x000000001a740000,0x000000001a840000)]
  0x0000000019fc0800 JavaThread "Signal Dispatcher" daemon [_thread_blocked, id=10604, stack(0x000000001a640000,0x000000001a740000)]
  0x00000000030ed800 JavaThread "Finalizer" daemon [_thread_blocked, id=7184, stack(0x000000001a440000,0x000000001a540000)]
  0x00000000030e7000 JavaThread "Reference Handler" daemon [_thread_blocked, id=12296, stack(0x000000001a340000,0x000000001a440000)]
  0x0000000002fee800 JavaThread "main" [_thread_blocked, id=4244, stack(0x0000000002ea0000,0x0000000002fa0000)]

Other Threads:
  0x0000000018155800 VMThread [stack: 0x0000000019e40000,0x0000000019f40000] [id=1276]
  0x000000001a04a800 WatcherThread [stack: 0x000000001ad40000,0x000000001ae40000] [id=5264]

VM state:not at safepoint (normal execution)

VM Mutex/Monitor currently owned by a thread: None

heap address: 0x0000000080000000, size: 2048 MB, Compressed Oops mode: 32-bit
Narrow klass base: 0x0000000000000000, Narrow klass shift: 3
Compressed class space size: 1073741824 Address: 0x0000000100000000

Heap:
 PSYoungGen      total 36352K, used 22197K [0x00000000d5580000, 0x00000000d8700000, 0x0000000100000000)
  eden space 30208K, 54% used [0x00000000d5580000,0x00000000d6577118,0x00000000d7300000)
  from space 6144K, 95% used [0x00000000d7380000,0x00000000d79365d0,0x00000000d7980000)
  to   space 10240K, 0% used [0x00000000d7d00000,0x00000000d7d00000,0x00000000d8700000)
 ParOldGen       total 47616K, used 10526K [0x0000000080000000, 0x0000000082e80000, 0x00000000d5580000)
  object space 47616K, 22% used [0x0000000080000000,0x0000000080a479c0,0x0000000082e80000)
 Metaspace       used 31791K, capacity 32512K, committed 32816K, reserved 1077248K
  class space    used 4320K, capacity 4538K, committed 4656K, reserved 1048576K

Card table byte_map: [0x00000000124b0000,0x00000000128c0000] byte_map_base: 0x00000000120b0000

Marking Bits: (ParMarkBitMap*) 0x0000000067c8f030
 Begin Bits: [0x0000000013370000, 0x0000000015370000)
 End Bits:   [0x0000000015370000, 0x0000000017370000)

Polling page: 0x0000000001130000

CodeCache: size=245760Kb used=9348Kb max_used=9366Kb free=236411Kb
 bounds [0x00000000030f0000, 0x0000000003a30000, 0x00000000120f0000]
 total_blobs=3005 nmethods=2322 adapters=596
 compilation: enabled

Compilation events (10 events):
Event: 36.232 Thread 0x000000001816e800 nmethod 2497 0x0000000003a0ae10 code [0x0000000003a0af80, 0x0000000003a0b128]
Event: 36.233 Thread 0x0000000019f7d000 nmethod 2476 0x0000000003a10fd0 code [0x0000000003a11320, 0x0000000003a128e0]
Event: 36.238 Thread 0x0000000019f75000 nmethod 2496 0x0000000003a0e3d0 code [0x0000000003a0e5a0, 0x0000000003a0eb30]
Event: 36.263 Thread 0x0000000019f7d000 2499       4       org.codehaus.groovy.runtime.metaclass.MetaMethodIndex::addMethodToList (298 bytes)
Event: 36.263 Thread 0x0000000019f75000 2500       4       java.lang.String::substring (56 bytes)
Event: 36.263 Thread 0x000000001816e800 2501       3       java.beans.PropertyDescriptor::getPropertyType0 (22 bytes)
Event: 36.264 Thread 0x000000001816e800 nmethod 2501 0x0000000003a0c1d0 code [0x0000000003a0c340, 0x0000000003a0c6a8]
Event: 36.264 Thread 0x000000001816e800 2502       3       groovy.lang.MetaClassImpl::establishStaticMetaProperty (262 bytes)
Event: 36.265 Thread 0x000000001816e800 nmethod 2502 0x0000000003a14150 code [0x0000000003a143c0, 0x0000000003a15778]
Event: 36.267 Thread 0x0000000019f75000 nmethod 2500 0x0000000003a0f2d0 code [0x0000000003a0f440, 0x0000000003a0f7f8]

GC Heap History (10 events):
Event: 28.842 GC heap before
{Heap before GC invocations=6 (full 0):
 PSYoungGen      total 37888K, used 34101K [0x00000000d5580000, 0x00000000d8980000, 0x0000000100000000)
  eden space 32768K, 88% used [0x00000000d5580000,0x00000000d71d5618,0x00000000d7580000)
  from space 5120K, 99% used [0x00000000d7600000,0x00000000d7af8020,0x00000000d7b00000)
  to   space 10240K, 0% used [0x00000000d7f80000,0x00000000d7f80000,0x00000000d8980000)
 ParOldGen       total 87552K, used 7581K [0x0000000080000000, 0x0000000085580000, 0x00000000d5580000)
  object space 87552K, 8% used [0x0000000080000000,0x00000000807676c8,0x0000000085580000)
 Metaspace       used 20565K, capacity 21228K, committed 21296K, reserved 1067008K
  class space    used 2876K, capacity 3084K, committed 3120K, reserved 1048576K
Event: 28.850 GC heap after
Heap after GC invocations=6 (full 0):
 PSYoungGen      total 41984K, used 8388K [0x00000000d5580000, 0x00000000d8b00000, 0x0000000100000000)
  eden space 31744K, 0% used [0x00000000d5580000,0x00000000d5580000,0x00000000d7480000)
  from space 10240K, 81% used [0x00000000d7f80000,0x00000000d87b1208,0x00000000d8980000)
  to   space 11264K, 0% used [0x00000000d7480000,0x00000000d7480000,0x00000000d7f80000)
 ParOldGen       total 87552K, used 7589K [0x0000000080000000, 0x0000000085580000, 0x00000000d5580000)
  object space 87552K, 8% used [0x0000000080000000,0x00000000807696c8,0x0000000085580000)
 Metaspace       used 20565K, capacity 21228K, committed 21296K, reserved 1067008K
  class space    used 2876K, capacity 3084K, committed 3120K, reserved 1048576K
}
Event: 28.850 GC heap before
{Heap before GC invocations=7 (full 1):
 PSYoungGen      total 41984K, used 8388K [0x00000000d5580000, 0x00000000d8b00000, 0x0000000100000000)
  eden space 31744K, 0% used [0x00000000d5580000,0x00000000d5580000,0x00000000d7480000)
  from space 10240K, 81% used [0x00000000d7f80000,0x00000000d87b1208,0x00000000d8980000)
  to   space 11264K, 0% used [0x00000000d7480000,0x00000000d7480000,0x00000000d7f80000)
 ParOldGen       total 87552K, used 7589K [0x0000000080000000, 0x0000000085580000, 0x00000000d5580000)
  object space 87552K, 8% used [0x0000000080000000,0x00000000807696c8,0x0000000085580000)
 Metaspace       used 20565K, capacity 21228K, committed 21296K, reserved 1067008K
  class space    used 2876K, capacity 3084K, committed 3120K, reserved 1048576K
Event: 28.896 GC heap after
Heap after GC invocations=7 (full 1):
 PSYoungGen      total 41984K, used 0K [0x00000000d5580000, 0x00000000d8b00000, 0x0000000100000000)
  eden space 31744K, 0% used [0x00000000d5580000,0x00000000d5580000,0x00000000d7480000)
  from space 10240K, 0% used [0x00000000d7f80000,0x00000000d7f80000,0x00000000d8980000)
  to   space 11264K, 0% used [0x00000000d7480000,0x00000000d7480000,0x00000000d7f80000)
 ParOldGen       total 47616K, used 10502K [0x0000000080000000, 0x0000000082e80000, 0x00000000d5580000)
  object space 47616K, 22% used [0x0000000080000000,0x0000000080a419c0,0x0000000082e80000)
 Metaspace       used 20565K, capacity 21228K, committed 21296K, reserved 1067008K
  class space    used 2876K, capacity 3084K, committed 3120K, reserved 1048576K
}
Event: 31.786 GC heap before
{Heap before GC invocations=8 (full 1):
 PSYoungGen      total 41984K, used 31744K [0x00000000d5580000, 0x00000000d8b00000, 0x0000000100000000)
  eden space 31744K, 100% used [0x00000000d5580000,0x00000000d7480000,0x00000000d7480000)
  from space 10240K, 0% used [0x00000000d7f80000,0x00000000d7f80000,0x00000000d8980000)
  to   space 11264K, 0% used [0x00000000d7480000,0x00000000d7480000,0x00000000d7f80000)
 ParOldGen       total 47616K, used 10502K [0x0000000080000000, 0x0000000082e80000, 0x00000000d5580000)
  object space 47616K, 22% used [0x0000000080000000,0x0000000080a419c0,0x0000000082e80000)
 Metaspace       used 22482K, capacity 23156K, committed 23472K, reserved 1069056K
  class space    used 3181K, capacity 3406K, committed 3504K, reserved 1048576K
Event: 31.788 GC heap after
Heap after GC invocations=8 (full 1):
 PSYoungGen      total 34304K, used 2801K [0x00000000d5580000, 0x00000000d8a00000, 0x0000000100000000)
  eden space 31232K, 0% used [0x00000000d5580000,0x00000000d5580000,0x00000000d7400000)
  from space 3072K, 91% used [0x00000000d7480000,0x00000000d773c548,0x00000000d7780000)
  to   space 11264K, 0% used [0x00000000d7f00000,0x00000000d7f00000,0x00000000d8a00000)
 ParOldGen       total 47616K, used 10510K [0x0000000080000000, 0x0000000082e80000, 0x00000000d5580000)
  object space 47616K, 22% used [0x0000000080000000,0x0000000080a439c0,0x0000000082e80000)
 Metaspace       used 22482K, capacity 23156K, committed 23472K, reserved 1069056K
  class space    used 3181K, capacity 3406K, committed 3504K, reserved 1048576K
}
Event: 34.609 GC heap before
{Heap before GC invocations=9 (full 1):
 PSYoungGen      total 34304K, used 34033K [0x00000000d5580000, 0x00000000d8a00000, 0x0000000100000000)
  eden space 31232K, 100% used [0x00000000d5580000,0x00000000d7400000,0x00000000d7400000)
  from space 3072K, 91% used [0x00000000d7480000,0x00000000d773c548,0x00000000d7780000)
  to   space 11264K, 0% used [0x00000000d7f00000,0x00000000d7f00000,0x00000000d8a00000)
 ParOldGen       total 47616K, used 10510K [0x0000000080000000, 0x0000000082e80000, 0x00000000d5580000)
  object space 47616K, 22% used [0x0000000080000000,0x0000000080a439c0,0x0000000082e80000)
 Metaspace       used 28237K, capacity 28916K, committed 29232K, reserved 1075200K
  class space    used 3895K, capacity 4127K, committed 4144K, reserved 1048576K
Event: 34.614 GC heap after
Heap after GC invocations=9 (full 1):
 PSYoungGen      total 40448K, used 6156K [0x00000000d5580000, 0x00000000d8880000, 0x0000000100000000)
  eden space 30720K, 0% used [0x00000000d5580000,0x00000000d5580000,0x00000000d7380000)
  from space 9728K, 63% used [0x00000000d7f00000,0x00000000d8503088,0x00000000d8880000)
  to   space 10752K, 0% used [0x00000000d7380000,0x00000000d7380000,0x00000000d7e00000)
 ParOldGen       total 47616K, used 10518K [0x0000000080000000, 0x0000000082e80000, 0x00000000d5580000)
  object space 47616K, 22% used [0x0000000080000000,0x0000000080a459c0,0x0000000082e80000)
 Metaspace       used 28237K, capacity 28916K, committed 29232K, reserved 1075200K
  class space    used 3895K, capacity 4127K, committed 4144K, reserved 1048576K
}
Event: 35.800 GC heap before
{Heap before GC invocations=10 (full 1):
 PSYoungGen      total 40448K, used 36876K [0x00000000d5580000, 0x00000000d8880000, 0x0000000100000000)
  eden space 30720K, 100% used [0x00000000d5580000,0x00000000d7380000,0x00000000d7380000)
  from space 9728K, 63% used [0x00000000d7f00000,0x00000000d8503088,0x00000000d8880000)
  to   space 10752K, 0% used [0x00000000d7380000,0x00000000d7380000,0x00000000d7e00000)
 ParOldGen       total 47616K, used 10518K [0x0000000080000000, 0x0000000082e80000, 0x00000000d5580000)
  object space 47616K, 22% used [0x0000000080000000,0x0000000080a459c0,0x0000000082e80000)
 Metaspace       used 30710K, capacity 31422K, committed 31536K, reserved 1077248K
  class space    used 4161K, capacity 4396K, committed 4400K, reserved 1048576K
Event: 35.811 GC heap after
Heap after GC invocations=10 (full 1):
 PSYoungGen      total 36352K, used 5849K [0x00000000d5580000, 0x00000000d8700000, 0x0000000100000000)
  eden space 30208K, 0% used [0x00000000d5580000,0x00000000d5580000,0x00000000d7300000)
  from space 6144K, 95% used [0x00000000d7380000,0x00000000d79365d0,0x00000000d7980000)
  to   space 10240K, 0% used [0x00000000d7d00000,0x00000000d7d00000,0x00000000d8700000)
 ParOldGen       total 47616K, used 10526K [0x0000000080000000, 0x0000000082e80000, 0x00000000d5580000)
  object space 47616K, 22% used [0x0000000080000000,0x0000000080a479c0,0x0000000082e80000)
 Metaspace       used 30710K, capacity 31422K, committed 31536K, reserved 1077248K
  class space    used 4161K, capacity 4396K, committed 4400K, reserved 1048576K
}

Deoptimization events (10 events):
Event: 35.835 Thread 0x000000001b33d000 Uncommon trap: reason=unstable_if action=reinterpret pc=0x0000000003955238 method=org.gradle.internal.reflect.PropertyAccessorType.isGetGetterName(Ljava/lang/String;)Z @ 14
Event: 35.882 Thread 0x000000001b33d000 Uncommon trap: reason=unstable_if action=reinterpret pc=0x00000000037ed040 method=org.objectweb.asm.ByteVector.putShort(I)Lorg/objectweb/asm/ByteVector; @ 13
Event: 36.162 Thread 0x000000001b33d000 Uncommon trap: reason=class_check action=maybe_recompile pc=0x0000000003769ba8 method=sun.misc.URLClassPath.getLoader(I)Lsun/misc/URLClassPath$Loader; @ 94
Event: 36.263 Thread 0x000000001b33d000 Uncommon trap: reason=bimorphic action=maybe_recompile pc=0x0000000003a123f8 method=org.codehaus.groovy.runtime.metaclass.MetaMethodIndex.addMethodToList(Ljava/lang/Object;Lgroovy/lang/MetaMethod;)Ljava/lang/Object; @ 130
Event: 36.263 Thread 0x000000001b33d000 Uncommon trap: reason=bimorphic action=maybe_recompile pc=0x0000000003a123f8 method=org.codehaus.groovy.runtime.metaclass.MetaMethodIndex.addMethodToList(Ljava/lang/Object;Lgroovy/lang/MetaMethod;)Ljava/lang/Object; @ 130
Event: 36.263 Thread 0x000000001b33d000 Uncommon trap: reason=bimorphic action=maybe_recompile pc=0x0000000003a123f8 method=org.codehaus.groovy.runtime.metaclass.MetaMethodIndex.addMethodToList(Ljava/lang/Object;Lgroovy/lang/MetaMethod;)Ljava/lang/Object; @ 130
Event: 36.263 Thread 0x000000001b33d000 Uncommon trap: reason=class_check action=maybe_recompile pc=0x0000000003a12414 method=org.codehaus.groovy.runtime.metaclass.MetaMethodIndex.addMethodToList(Ljava/lang/Object;Lgroovy/lang/MetaMethod;)Ljava/lang/Object; @ 240
Event: 36.263 Thread 0x000000001b33d000 Uncommon trap: reason=class_check action=maybe_recompile pc=0x0000000003a12414 method=org.codehaus.groovy.runtime.metaclass.MetaMethodIndex.addMethodToList(Ljava/lang/Object;Lgroovy/lang/MetaMethod;)Ljava/lang/Object; @ 240
Event: 36.263 Thread 0x000000001b33d000 Uncommon trap: reason=class_check action=maybe_recompile pc=0x0000000003a12414 method=org.codehaus.groovy.runtime.metaclass.MetaMethodIndex.addMethodToList(Ljava/lang/Object;Lgroovy/lang/MetaMethod;)Ljava/lang/Object; @ 240
Event: 36.263 Thread 0x000000001b33d000 Uncommon trap: reason=class_check action=maybe_recompile pc=0x0000000003a12414 method=org.codehaus.groovy.runtime.metaclass.MetaMethodIndex.addMethodToList(Ljava/lang/Object;Lgroovy/lang/MetaMethod;)Ljava/lang/Object; @ 240

Classes redefined (0 events):
No events

Internal exceptions (10 events):
Event: 35.784 Thread 0x000000001ae53800 Exception <a 'java/lang/NoSuchMethodError': <clinit>> (0x00000000d7306430) thrown at [C:\src\AOSP-openjdk-git\hotspot\src\share\vm\prims\jni.cpp, line 1615]
Event: 35.784 Thread 0x000000001ae53800 Exception <a 'java/lang/NoSuchMethodError': <clinit>> (0x00000000d7315528) thrown at [C:\src\AOSP-openjdk-git\hotspot\src\share\vm\prims\jni.cpp, line 1615]
Event: 36.191 Thread 0x000000001b33d000 Exception <a 'java/lang/ClassNotFoundException': build_amywel4umiybxmlefqglwu0cxBeanInfo> (0x00000000d61dd0e8) thrown at [C:\src\AOSP-openjdk-git\hotspot\src\share\vm\classfile\systemDictionary.cpp, line 210]
Event: 36.192 Thread 0x000000001b33d000 Exception <a 'java/lang/ClassNotFoundException': org/gradle/api/internal/project/ProjectScriptBeanInfo> (0x00000000d61f6f78) thrown at [C:\src\AOSP-openjdk-git\hotspot\src\share\vm\classfile\systemDictionary.cpp, line 210]
Event: 36.195 Thread 0x000000001b33d000 Exception <a 'java/lang/ClassNotFoundException': org/gradle/api/internal/project/ProjectScriptCustomizer> (0x00000000d6211450) thrown at [C:\src\AOSP-openjdk-git\hotspot\src\share\vm\classfile\systemDictionary.cpp, line 210]
Event: 36.199 Thread 0x000000001b33d000 Exception <a 'java/lang/ClassNotFoundException': build_amywel4umiybxmlefqglwu0cxCustomizer> (0x00000000d6233290) thrown at [C:\src\AOSP-openjdk-git\hotspot\src\share\vm\classfile\systemDictionary.cpp, line 210]
Event: 36.223 Thread 0x000000001b33d000 Exception <a 'java/lang/ClassNotFoundException': groovy/lang/Closure$1BeanInfo> (0x00000000d6295cb8) thrown at [C:\src\AOSP-openjdk-git\hotspot\src\share\vm\classfile\systemDictionary.cpp, line 210]
Event: 36.224 Thread 0x000000001b33d000 Exception <a 'java/lang/ClassNotFoundException': groovy/lang/ClosureBeanInfo> (0x00000000d634d828) thrown at [C:\src\AOSP-openjdk-git\hotspot\src\share\vm\classfile\systemDictionary.cpp, line 210]
Event: 36.225 Thread 0x000000001b33d000 Exception <a 'java/lang/ClassNotFoundException': groovy/lang/ClosureCustomizer> (0x00000000d636eb78) thrown at [C:\src\AOSP-openjdk-git\hotspot\src\share\vm\classfile\systemDictionary.cpp, line 210]
Event: 36.229 Thread 0x000000001b33d000 Exception <a 'java/lang/ClassNotFoundException': groovy/lang/Closure$1Customizer> (0x00000000d63b5fa0) thrown at [C:\src\AOSP-openjdk-git\hotspot\src\share\vm\classfile\systemDictionary.cpp, line 210]

Events (10 events):
Event: 36.265 loading class org/codehaus/groovy/runtime/callsite/PlainObjectMetaMethodSite
Event: 36.265 loading class org/codehaus/groovy/runtime/callsite/PlainObjectMetaMethodSite done
Event: 36.265 loading class org/codehaus/groovy/runtime/callsite/MetaMethodSite
Event: 36.265 loading class org/codehaus/groovy/runtime/callsite/MetaMethodSite done
Event: 36.265 Executing VM operation: CollectForMetadataAllocation
Event: 36.266 Executing VM operation: CollectForMetadataAllocation done
Event: 36.266 loading class org/codehaus/groovy/runtime/callsite/CallSiteGenerator
Event: 36.266 loading class org/codehaus/groovy/runtime/callsite/CallSiteGenerator done
Event: 36.267 loading class org/codehaus/groovy/classgen/asm/BytecodeHelper
Event: 36.267 loading class org/codehaus/groovy/classgen/asm/BytecodeHelper done


Dynamic libraries:
0x00007ff635d90000 - 0x00007ff635dc1000 	C:\Program Files\Android\Android Studio\jre\bin\java.exe
0x00007ffa5ad00000 - 0x00007ffa5aef0000 	C:\WINDOWS\SYSTEM32\ntdll.dll
0x00007ffa5a230000 - 0x00007ffa5a2e2000 	C:\WINDOWS\System32\KERNEL32.DLL
0x00007ffa58220000 - 0x00007ffa584c5000 	C:\WINDOWS\System32\KERNELBASE.dll
0x00007ffa5a970000 - 0x00007ffa5aa13000 	C:\WINDOWS\System32\ADVAPI32.dll
0x00007ffa5a2f0000 - 0x00007ffa5a38e000 	C:\WINDOWS\System32\msvcrt.dll
0x00007ffa5a730000 - 0x00007ffa5a7c7000 	C:\WINDOWS\System32\sechost.dll
0x00007ffa5aa90000 - 0x00007ffa5abb0000 	C:\WINDOWS\System32\RPCRT4.dll
0x00007ffa5a7d0000 - 0x00007ffa5a965000 	C:\WINDOWS\System32\USER32.dll
0x00007ffa58140000 - 0x00007ffa58161000 	C:\WINDOWS\System32\win32u.dll
0x00007ffa59370000 - 0x00007ffa59396000 	C:\WINDOWS\System32\GDI32.dll
0x00007ffa58c50000 - 0x00007ffa58de6000 	C:\WINDOWS\System32\gdi32full.dll
0x00007ffa58df0000 - 0x00007ffa58e8e000 	C:\WINDOWS\System32\msvcp_win.dll
0x00007ffa57e10000 - 0x00007ffa57f0a000 	C:\WINDOWS\System32\ucrtbase.dll
0x00007ffa49930000 - 0x00007ffa49bb4000 	C:\WINDOWS\WinSxS\amd64_microsoft.windows.common-controls_6595b64144ccf1df_6.0.18362.1082_none_9e8193e1e45b25c1\COMCTL32.dll
0x00007ffa59d40000 - 0x00007ffa5a075000 	C:\WINDOWS\System32\combase.dll
0x00007ffa58060000 - 0x00007ffa580e0000 	C:\WINDOWS\System32\bcryptPrimitives.dll
0x00007ffa5abc0000 - 0x00007ffa5abee000 	C:\WINDOWS\System32\IMM32.DLL
0x00000000680a0000 - 0x0000000068172000 	C:\Program Files\Android\Android Studio\jre\jre\bin\msvcr100.dll
0x00000000674c0000 - 0x0000000067d0b000 	C:\Program Files\Android\Android Studio\jre\jre\bin\server\jvm.dll
0x00007ffa593a0000 - 0x00007ffa593a8000 	C:\WINDOWS\System32\PSAPI.DLL
0x00007ffa4cbe0000 - 0x00007ffa4cbea000 	C:\WINDOWS\SYSTEM32\VERSION.dll
0x00007ffa556a0000 - 0x00007ffa556c4000 	C:\WINDOWS\SYSTEM32\WINMM.dll
0x00007ffa50830000 - 0x00007ffa50839000 	C:\WINDOWS\SYSTEM32\WSOCK32.dll
0x00007ffa55670000 - 0x00007ffa5569d000 	C:\WINDOWS\SYSTEM32\winmmbase.dll
0x00007ffa57d70000 - 0x00007ffa57dba000 	C:\WINDOWS\System32\cfgmgr32.dll
0x00007ffa5aa20000 - 0x00007ffa5aa8f000 	C:\WINDOWS\System32\WS2_32.dll
0x00007ffa49390000 - 0x00007ffa4939f000 	C:\Program Files\Android\Android Studio\jre\jre\bin\verify.dll
0x00007ffa424a0000 - 0x00007ffa424c9000 	C:\Program Files\Android\Android Studio\jre\jre\bin\java.dll
0x00007ffa3f350000 - 0x00007ffa3f366000 	C:\Program Files\Android\Android Studio\jre\jre\bin\zip.dll
0x00007ffa59650000 - 0x00007ffa59d37000 	C:\WINDOWS\System32\SHELL32.dll
0x00007ffa5a390000 - 0x00007ffa5a439000 	C:\WINDOWS\System32\shcore.dll
0x00007ffa584d0000 - 0x00007ffa58c50000 	C:\WINDOWS\System32\windows.storage.dll
0x00007ffa57cd0000 - 0x00007ffa57cf3000 	C:\WINDOWS\System32\profapi.dll
0x00007ffa57d20000 - 0x00007ffa57d6a000 	C:\WINDOWS\System32\powrprof.dll
0x00007ffa57ca0000 - 0x00007ffa57cb0000 	C:\WINDOWS\System32\UMPDC.dll
0x00007ffa5a550000 - 0x00007ffa5a5a2000 	C:\WINDOWS\System32\shlwapi.dll
0x00007ffa57d00000 - 0x00007ffa57d11000 	C:\WINDOWS\System32\kernel.appcore.dll
0x00007ffa57dc0000 - 0x00007ffa57dd7000 	C:\WINDOWS\System32\cryptsp.dll
0x00007ffa3e9d0000 - 0x00007ffa3e9ea000 	C:\Program Files\Android\Android Studio\jre\jre\bin\net.dll
0x00007ffa57490000 - 0x00007ffa574f7000 	C:\WINDOWS\system32\mswsock.dll
0x00007ffa3e9b0000 - 0x00007ffa3e9c3000 	C:\Program Files\Android\Android Studio\jre\jre\bin\nio.dll
0x00007ffa424d0000 - 0x00007ffa424f6000 	C:\Users\mo\.gradle\native\31\windows-amd64\native-platform.dll
0x00007ffa49380000 - 0x00007ffa4938d000 	C:\Program Files\Android\Android Studio\jre\jre\bin\management.dll
0x00007ffa57000000 - 0x00007ffa57033000 	C:\WINDOWS\system32\rsaenh.dll
0x00007ffa57de0000 - 0x00007ffa57e06000 	C:\WINDOWS\System32\bcrypt.dll
0x00007ffa57bc0000 - 0x00007ffa57be5000 	C:\WINDOWS\SYSTEM32\USERENV.dll
0x00007ffa57660000 - 0x00007ffa5766c000 	C:\WINDOWS\SYSTEM32\CRYPTBASE.dll
0x00007ffa571a0000 - 0x00007ffa571da000 	C:\WINDOWS\SYSTEM32\IPHLPAPI.DLL
0x00007ffa593b0000 - 0x00007ffa593b8000 	C:\WINDOWS\System32\NSI.dll
0x00007ffa4d210000 - 0x00007ffa4d226000 	C:\WINDOWS\SYSTEM32\dhcpcsvc6.DLL
0x00007ffa4d1f0000 - 0x00007ffa4d20c000 	C:\WINDOWS\SYSTEM32\dhcpcsvc.DLL
0x00007ffa571e0000 - 0x00007ffa572ab000 	C:\WINDOWS\SYSTEM32\DNSAPI.dll

VM Arguments:
jvm_args: -Xmx2048m -Dfile.encoding=windows-1256 -Duser.country=US -Duser.language=en -Duser.variant 
java_command: org.gradle.launcher.daemon.bootstrap.GradleDaemon 6.1.1
java_class_path (initial): C:\Users\mo\.gradle\wrapper\dists\gradle-6.1.1-all\cfmwm155h49vnt3hynmlrsdst\gradle-6.1.1\lib\gradle-launcher-6.1.1.jar
Launcher Type: SUN_STANDARD

Environment Variables:
PATH=C:\WINDOWS\system32;C:\WINDOWS;C:\WINDOWS\System32\Wbem;C:\WINDOWS\System32\WindowsPowerShell\v1.0\;C:\WINDOWS\System32\OpenSSH\;C:\Program Files\dotnet\;C:\Program Files\Microsoft SQL Server\130\Tools\Binn\;C:\Program Files (x86)\IVI Foundation\VISA\WinNT\Bin\;C:\Program Files\IVI Foundation\VISA\Win64\Bin\;C:\Program Files (x86)\IVI Foundation\VISA\WinNT\Bin;C:\Program Files\Git\cmd;C:\Users\mo\AppData\Local\Microsoft\WindowsApps;;F:\IntelliJ IDEA 2020.2.3\bin;
USERNAME=mo
OS=Windows_NT
PROCESSOR_IDENTIFIER=Intel64 Family 6 Model 60 Stepping 3, GenuineIntel



---------------  S Y S T E M  ---------------

OS: Windows 10.0 , 64 bit Build 18362 (10.0.18362.1082)

CPU:total 8 (initial active 8) (4 cores per cpu, 2 threads per core) family 6 model 60 stepping 3, cmov, cx8, fxsr, mmx, sse, sse2, sse3, ssse3, sse4.1, sse4.2, popcnt, avx, avx2, aes, clmul, erms, lzcnt, ht, tsc, tscinvbit, bmi1, bmi2

Memory: 4k page, physical 8291576k(1146892k free), swap 8291576k(4344k free)

vm_info: OpenJDK 64-Bit Server VM (25.242-b01) for windows-amd64 JRE (1.8.0_242-release-1644-b01), built by "builder" with MS VC++ 10.0 (VS2010)

time: Fri Dec 18 13:24:56 2020
timezone: Egypt Standard Time
elapsed time: 36 seconds (0d 0h 0m 36s)

