#
# There is insufficient memory for the Java Runtime Environment to continue.
# Native memory allocation (malloc) failed to allocate 32744 bytes for ChunkPool::allocate
# Possible reasons:
#   The system is out of physical RAM or swap space
#   The process is running with CompressedOops enabled, and the Java Heap may be blocking the growth of the native heap
# Possible solutions:
#   Reduce memory load on the system
#   Increase physical memory or swap space
#   Check if swap backing store is full
#   Decrease Java heap size (-Xmx/-Xms)
#   Decrease number of Java threads
#   Decrease Java thread stack sizes (-Xss)
#   Set larger code cache with -XX:ReservedCodeCacheSize=
#   JVM is running with Unscaled Compressed Oops mode in which the Java heap is
#     placed in the first 4GB address space. The Java Heap base address is the
#     maximum limit for the native heap growth. Please use -XX:HeapBaseMinAddress
#     to set the Java Heap base and to place the Java Heap above 4GB virtual address.
# This output file may be truncated or incomplete.
#
#  Out of Memory Error (allocation.cpp:272), pid=12700, tid=0x0000000000001048
#
# JRE version: OpenJDK Runtime Environment (8.0_242-b01) (build 1.8.0_242-release-1644-b01)
# Java VM: OpenJDK 64-Bit Server VM (25.242-b01 mixed mode windows-amd64 compressed oops)
# Failed to write core dump. Minidumps are not enabled by default on client versions of Windows
#

---------------  T H R E A D  ---------------

Current thread (0x000000001793d000):  JavaThread "C2 CompilerThread2" daemon [_thread_in_native, id=4168, stack(0x000000001a220000,0x000000001a320000)]

Stack: [0x000000001a220000,0x000000001a320000]
[error occurred during error reporting (printing stack bounds), id 0xc0000005]

Native frames: (J=compiled Java code, j=interpreted, Vv=VM code, C=native code)


Current CompileTask:
C2:   3567 1523   !   4       java.net.URLClassLoader$1::run (63 bytes)


---------------  P R O C E S S  ---------------

Java Threads: ( => current thread )
  0x000000001c1e3800 JavaThread "Cache worker for file hash cache (F:\mahmoud\RunningApp\.gradle\6.1.1\fileHashes)" [_thread_blocked, id=6296, stack(0x0000000020b80000,0x0000000020c80000)]
  0x000000001c1e2800 JavaThread "Cache worker for checksums cache (F:\mahmoud\RunningApp\.gradle\checksums)" [_thread_blocked, id=3116, stack(0x0000000020a80000,0x0000000020b80000)]
  0x000000001c1e5800 JavaThread "Cache worker for file hash cache (C:\Users\mo\.gradle\caches\6.1.1\fileHashes)" [_thread_blocked, id=2932, stack(0x000000001e440000,0x000000001e540000)]
  0x000000001c1e5000 JavaThread "File lock request listener" [_thread_in_native, id=7164, stack(0x000000001e340000,0x000000001e440000)]
  0x000000001a9e4000 JavaThread "Cache worker for journal cache (C:\Users\mo\.gradle\caches\journal-1)" [_thread_blocked, id=12704, stack(0x000000001e240000,0x000000001e340000)]
  0x000000001c159800 JavaThread "Thread-9" [_thread_blocked, id=13840, stack(0x000000001df40000,0x000000001e040000)]
  0x000000001c17f800 JavaThread "Stdin handler" [_thread_blocked, id=13988, stack(0x000000001de40000,0x000000001df40000)]
  0x000000001c177800 JavaThread "Asynchronous log dispatcher for DefaultDaemonConnection: socket connection from /127.0.0.1:53007 to /127.0.0.1:53008" [_thread_blocked, id=11468, stack(0x000000001dd40000,0x000000001de40000)]
  0x000000001c19a800 JavaThread "Daemon worker" [_thread_in_native, id=11524, stack(0x000000001dc40000,0x000000001dd40000)]
  0x000000001c19c800 JavaThread "Cancel handler" [_thread_blocked, id=7220, stack(0x000000001db40000,0x000000001dc40000)]
  0x000000001c143800 JavaThread "Handler for socket connection from /127.0.0.1:53007 to /127.0.0.1:53008" [_thread_in_native, id=2124, stack(0x000000001d840000,0x000000001d940000)]
  0x000000001c131000 JavaThread "Daemon" [_thread_blocked, id=13844, stack(0x000000001d740000,0x000000001d840000)]
  0x000000001c03d800 JavaThread "Daemon periodic checks" [_thread_blocked, id=6560, stack(0x000000001d640000,0x000000001d740000)]
  0x000000001c030800 JavaThread "Incoming local TCP Connector on port 53007" [_thread_in_native, id=11976, stack(0x000000001d400000,0x000000001d500000)]
  0x000000001a6ea800 JavaThread "Daemon health stats" [_thread_blocked, id=11252, stack(0x000000001cdc0000,0x000000001cec0000)]
  0x000000001983a800 JavaThread "Service Thread" daemon [_thread_blocked, id=12296, stack(0x000000001a420000,0x000000001a520000)]
  0x00000000197ad000 JavaThread "C1 CompilerThread3" daemon [_thread_in_native, id=1276, stack(0x000000001a320000,0x000000001a420000)]
=>0x000000001793d000 JavaThread "C2 CompilerThread2" daemon [_thread_in_native, id=4168, stack(0x000000001a220000,0x000000001a320000)]
  0x000000001975a000 JavaThread "C2 CompilerThread1" daemon [_thread_in_native, id=10744, stack(0x000000001a120000,0x000000001a220000)]
  0x0000000019756000 JavaThread "C2 CompilerThread0" daemon [_thread_in_native, id=2088, stack(0x000000001a020000,0x000000001a120000)]
  0x0000000019755000 JavaThread "Attach Listener" daemon [_thread_blocked, id=12436, stack(0x0000000019f20000,0x000000001a020000)]
  0x0000000019746800 JavaThread "Signal Dispatcher" daemon [_thread_blocked, id=12076, stack(0x0000000019e20000,0x0000000019f20000)]
  0x0000000019740800 JavaThread "Finalizer" daemon [_thread_blocked, id=8468, stack(0x0000000019c20000,0x0000000019d20000)]
  0x00000000028b7000 JavaThread "Reference Handler" daemon [_thread_blocked, id=12100, stack(0x0000000019b20000,0x0000000019c20000)]
  0x000000000271e800 JavaThread "main" [_thread_blocked, id=9896, stack(0x00000000025e0000,0x00000000026e0000)]

Other Threads:
  0x0000000017925800 VMThread [stack: 0x0000000019620000,0x0000000019720000] [id=13920]
  0x00000000197fd800 WatcherThread [stack: 0x000000001a520000,0x000000001a620000] [id=7184]

VM state:not at safepoint (normal execution)

VM Mutex/Monitor currently owned by a thread: None

heap address: 0x0000000080000000, size: 2048 MB, Compressed Oops mode: 32-bit
Narrow klass base: 0x0000000000000000, Narrow klass shift: 3
Compressed class space size: 1073741824 Address: 0x0000000100000000

Heap:
 PSYoungGen      total 38400K, used 21088K [0x00000000d5580000, 0x00000000dab80000, 0x0000000100000000)
  eden space 33280K, 48% used [0x00000000d5580000,0x00000000d65201d8,0x00000000d7600000)
  from space 5120K, 99% used [0x00000000d7600000,0x00000000d7af8020,0x00000000d7b00000)
  to   space 10752K, 0% used [0x00000000da100000,0x00000000da100000,0x00000000dab80000)
 ParOldGen       total 87552K, used 7708K [0x0000000080000000, 0x0000000085580000, 0x00000000d5580000)
  object space 87552K, 8% used [0x0000000080000000,0x0000000080787110,0x0000000085580000)
 Metaspace       used 19495K, capacity 20002K, committed 20352K, reserved 1067008K
  class space    used 2717K, capacity 2901K, committed 2944K, reserved 1048576K

Card table byte_map: [0x0000000011c80000,0x0000000012090000] byte_map_base: 0x0000000011880000

Marking Bits: (ParMarkBitMap*) 0x0000000067c8f030
 Begin Bits: [0x0000000012b40000, 0x0000000014b40000)
 End Bits:   [0x0000000014b40000, 0x0000000016b40000)

Polling page: 0x00000000005f0000

CodeCache: size=245760Kb used=5949Kb max_used=5957Kb free=239810Kb
 bounds [0x00000000028c0000, 0x0000000002ea0000, 0x00000000118c0000]
 total_blobs=2146 nmethods=1730 adapters=329
 compilation: enabled

Compilation events (10 events):
Event: 3.436 Thread 0x00000000197ad000 1729       3       java.io.ByteArrayOutputStream::grow (43 bytes)
Event: 3.436 Thread 0x00000000197ad000 nmethod 1729 0x0000000002e8c1d0 code [0x0000000002e8c380, 0x0000000002e8c978]
Event: 3.449 Thread 0x00000000197ad000 1730       3       sun.reflect.ConstructorAccessorImpl::<init> (5 bytes)
Event: 3.450 Thread 0x00000000197ad000 nmethod 1730 0x0000000002e81d10 code [0x0000000002e81e80, 0x0000000002e82090]
Event: 3.453 Thread 0x00000000197ad000 1731       1       java.lang.invoke.InnerClassLambdaMetafactory::access$300 (5 bytes)
Event: 3.454 Thread 0x00000000197ad000 nmethod 1731 0x0000000002e819d0 code [0x0000000002e81b20, 0x0000000002e81c10]
Event: 3.503 Thread 0x000000001975a000 nmethod 1727 0x0000000002e91810 code [0x0000000002e91a00, 0x0000000002e939f0]
Event: 3.534 Thread 0x000000001975a000 1732   !   4       java.lang.ClassLoader::getPackage (118 bytes)
Event: 3.562 Thread 0x00000000197ad000 1734       3       java.util.concurrent.locks.ReentrantLock::<init> (16 bytes)
Event: 3.562 Thread 0x00000000197ad000 nmethod 1734 0x0000000002e91090 code [0x0000000002e91220, 0x0000000002e91610]

GC Heap History (10 events):
Event: 0.906 GC heap before
{Heap before GC invocations=1 (full 0):
 PSYoungGen      total 38400K, used 33280K [0x00000000d5580000, 0x00000000d8000000, 0x0000000100000000)
  eden space 33280K, 100% used [0x00000000d5580000,0x00000000d7600000,0x00000000d7600000)
  from space 5120K, 0% used [0x00000000d7b00000,0x00000000d7b00000,0x00000000d8000000)
  to   space 5120K, 0% used [0x00000000d7600000,0x00000000d7600000,0x00000000d7b00000)
 ParOldGen       total 87552K, used 0K [0x0000000080000000, 0x0000000085580000, 0x00000000d5580000)
  object space 87552K, 0% used [0x0000000080000000,0x0000000080000000,0x0000000085580000)
 Metaspace       used 7236K, capacity 7472K, committed 7680K, reserved 1056768K
  class space    used 888K, capacity 1000K, committed 1024K, reserved 1048576K
Event: 0.912 GC heap after
Heap after GC invocations=1 (full 0):
 PSYoungGen      total 38400K, used 4540K [0x00000000d5580000, 0x00000000d8000000, 0x0000000100000000)
  eden space 33280K, 0% used [0x00000000d5580000,0x00000000d5580000,0x00000000d7600000)
  from space 5120K, 88% used [0x00000000d7600000,0x00000000d7a6f230,0x00000000d7b00000)
  to   space 5120K, 0% used [0x00000000d7b00000,0x00000000d7b00000,0x00000000d8000000)
 ParOldGen       total 87552K, used 16K [0x0000000080000000, 0x0000000085580000, 0x00000000d5580000)
  object space 87552K, 0% used [0x0000000080000000,0x0000000080004000,0x0000000085580000)
 Metaspace       used 7236K, capacity 7472K, committed 7680K, reserved 1056768K
  class space    used 888K, capacity 1000K, committed 1024K, reserved 1048576K
}
Event: 1.230 GC heap before
{Heap before GC invocations=2 (full 0):
 PSYoungGen      total 38400K, used 37820K [0x00000000d5580000, 0x00000000d8000000, 0x0000000100000000)
  eden space 33280K, 100% used [0x00000000d5580000,0x00000000d7600000,0x00000000d7600000)
  from space 5120K, 88% used [0x00000000d7600000,0x00000000d7a6f230,0x00000000d7b00000)
  to   space 5120K, 0% used [0x00000000d7b00000,0x00000000d7b00000,0x00000000d8000000)
 ParOldGen       total 87552K, used 16K [0x0000000080000000, 0x0000000085580000, 0x00000000d5580000)
  object space 87552K, 0% used [0x0000000080000000,0x0000000080004000,0x0000000085580000)
 Metaspace       used 7485K, capacity 7784K, committed 8064K, reserved 1056768K
  class space    used 920K, capacity 1040K, committed 1152K, reserved 1048576K
Event: 1.233 GC heap after
Heap after GC invocations=2 (full 0):
 PSYoungGen      total 38400K, used 3393K [0x00000000d5580000, 0x00000000d8000000, 0x0000000100000000)
  eden space 33280K, 0% used [0x00000000d5580000,0x00000000d5580000,0x00000000d7600000)
  from space 5120K, 66% used [0x00000000d7b00000,0x00000000d7e50598,0x00000000d8000000)
  to   space 5120K, 0% used [0x00000000d7600000,0x00000000d7600000,0x00000000d7b00000)
 ParOldGen       total 87552K, used 24K [0x0000000080000000, 0x0000000085580000, 0x00000000d5580000)
  object space 87552K, 0% used [0x0000000080000000,0x0000000080006000,0x0000000085580000)
 Metaspace       used 7485K, capacity 7784K, committed 8064K, reserved 1056768K
  class space    used 920K, capacity 1040K, committed 1152K, reserved 1048576K
}
Event: 2.493 GC heap before
{Heap before GC invocations=3 (full 0):
 PSYoungGen      total 38400K, used 36673K [0x00000000d5580000, 0x00000000d8000000, 0x0000000100000000)
  eden space 33280K, 100% used [0x00000000d5580000,0x00000000d7600000,0x00000000d7600000)
  from space 5120K, 66% used [0x00000000d7b00000,0x00000000d7e50598,0x00000000d8000000)
  to   space 5120K, 0% used [0x00000000d7600000,0x00000000d7600000,0x00000000d7b00000)
 ParOldGen       total 87552K, used 24K [0x0000000080000000, 0x0000000085580000, 0x00000000d5580000)
  object space 87552K, 0% used [0x0000000080000000,0x0000000080006000,0x0000000085580000)
 Metaspace       used 12316K, capacity 12626K, committed 12800K, reserved 1060864K
  class space    used 1650K, capacity 1777K, committed 1792K, reserved 1048576K
Event: 2.501 GC heap after
Heap after GC invocations=3 (full 0):
 PSYoungGen      total 38400K, used 5088K [0x00000000d5580000, 0x00000000d8000000, 0x0000000100000000)
  eden space 33280K, 0% used [0x00000000d5580000,0x00000000d5580000,0x00000000d7600000)
  from space 5120K, 99% used [0x00000000d7600000,0x00000000d7af8020,0x00000000d7b00000)
  to   space 5120K, 0% used [0x00000000d7b00000,0x00000000d7b00000,0x00000000d8000000)
 ParOldGen       total 87552K, used 1583K [0x0000000080000000, 0x0000000085580000, 0x00000000d5580000)
  object space 87552K, 1% used [0x0000000080000000,0x000000008018be38,0x0000000085580000)
 Metaspace       used 12316K, capacity 12626K, committed 12800K, reserved 1060864K
  class space    used 1650K, capacity 1777K, committed 1792K, reserved 1048576K
}
Event: 2.813 GC heap before
{Heap before GC invocations=4 (full 0):
 PSYoungGen      total 38400K, used 38368K [0x00000000d5580000, 0x00000000d8000000, 0x0000000100000000)
  eden space 33280K, 100% used [0x00000000d5580000,0x00000000d7600000,0x00000000d7600000)
  from space 5120K, 99% used [0x00000000d7600000,0x00000000d7af8020,0x00000000d7b00000)
  to   space 5120K, 0% used [0x00000000d7b00000,0x00000000d7b00000,0x00000000d8000000)
 ParOldGen       total 87552K, used 1583K [0x0000000080000000, 0x0000000085580000, 0x00000000d5580000)
  object space 87552K, 1% used [0x0000000080000000,0x000000008018be38,0x0000000085580000)
 Metaspace       used 15440K, capacity 15822K, committed 16128K, reserved 1062912K
  class space    used 2068K, capacity 2219K, committed 2304K, reserved 1048576K
Event: 2.823 GC heap after
Heap after GC invocations=4 (full 0):
 PSYoungGen      total 38400K, used 5088K [0x00000000d5580000, 0x00000000da080000, 0x0000000100000000)
  eden space 33280K, 0% used [0x00000000d5580000,0x00000000d5580000,0x00000000d7600000)
  from space 5120K, 99% used [0x00000000d7b00000,0x00000000d7ff8020,0x00000000d8000000)
  to   space 5120K, 0% used [0x00000000d7600000,0x00000000d7600000,0x00000000d7b00000)
 ParOldGen       total 87552K, used 4277K [0x0000000080000000, 0x0000000085580000, 0x00000000d5580000)
  object space 87552K, 4% used [0x0000000080000000,0x000000008042d448,0x0000000085580000)
 Metaspace       used 15440K, capacity 15822K, committed 16128K, reserved 1062912K
  class space    used 2068K, capacity 2219K, committed 2304K, reserved 1048576K
}
Event: 3.201 GC heap before
{Heap before GC invocations=5 (full 0):
 PSYoungGen      total 38400K, used 38368K [0x00000000d5580000, 0x00000000da080000, 0x0000000100000000)
  eden space 33280K, 100% used [0x00000000d5580000,0x00000000d7600000,0x00000000d7600000)
  from space 5120K, 99% used [0x00000000d7b00000,0x00000000d7ff8020,0x00000000d8000000)
  to   space 5120K, 0% used [0x00000000d7600000,0x00000000d7600000,0x00000000d7b00000)
 ParOldGen       total 87552K, used 4277K [0x0000000080000000, 0x0000000085580000, 0x00000000d5580000)
  object space 87552K, 4% used [0x0000000080000000,0x000000008042d448,0x0000000085580000)
 Metaspace       used 18214K, capacity 18778K, committed 19072K, reserved 1064960K
  class space    used 2507K, capacity 2667K, committed 2688K, reserved 1048576K
Event: 3.211 GC heap after
Heap after GC invocations=5 (full 0):
 PSYoungGen      total 38400K, used 5088K [0x00000000d5580000, 0x00000000dab80000, 0x0000000100000000)
  eden space 33280K, 0% used [0x00000000d5580000,0x00000000d5580000,0x00000000d7600000)
  from space 5120K, 99% used [0x00000000d7600000,0x00000000d7af8020,0x00000000d7b00000)
  to   space 10752K, 0% used [0x00000000da100000,0x00000000da100000,0x00000000dab80000)
 ParOldGen       total 87552K, used 7708K [0x0000000080000000, 0x0000000085580000, 0x00000000d5580000)
  object space 87552K, 8% used [0x0000000080000000,0x0000000080787110,0x0000000085580000)
 Metaspace       used 18214K, capacity 18778K, committed 19072K, reserved 1064960K
  class space    used 2507K, capacity 2667K, committed 2688K, reserved 1048576K
}

Deoptimization events (10 events):
Event: 2.443 Thread 0x000000001c19a800 Uncommon trap: reason=bimorphic action=maybe_recompile pc=0x0000000002b8fc60 method=java.util.HashMap.putVal(ILjava/lang/Object;Ljava/lang/Object;ZZ)Ljava/lang/Object; @ 253
Event: 2.443 Thread 0x000000001c19a800 Uncommon trap: reason=bimorphic action=maybe_recompile pc=0x0000000002b8fc60 method=java.util.HashMap.putVal(ILjava/lang/Object;Ljava/lang/Object;ZZ)Ljava/lang/Object; @ 253
Event: 2.672 Thread 0x000000001c19a800 Uncommon trap: reason=class_check action=maybe_recompile pc=0x0000000002be15d8 method=java.util.regex.Matcher.match(II)Z @ 86
Event: 2.685 Thread 0x000000001c19a800 Uncommon trap: reason=class_check action=maybe_recompile pc=0x0000000002be15d8 method=java.util.regex.Matcher.match(II)Z @ 86
Event: 2.685 Thread 0x000000001c19a800 Uncommon trap: reason=class_check action=maybe_recompile pc=0x0000000002be15d8 method=java.util.regex.Matcher.match(II)Z @ 86
Event: 2.686 Thread 0x000000001c19a800 Uncommon trap: reason=class_check action=maybe_recompile pc=0x0000000002a7f89c method=java.util.regex.Matcher.match(II)Z @ 86
Event: 2.908 Thread 0x000000001c19a800 Uncommon trap: reason=unstable_if action=reinterpret pc=0x0000000002be05cc method=java.io.File.getName()Ljava/lang/String; @ 16
Event: 3.339 Thread 0x000000001c19a800 Uncommon trap: reason=unstable_if action=reinterpret pc=0x0000000002a88308 method=java.net.URI.match(CJJ)Z @ 19
Event: 3.339 Thread 0x000000001c19a800 Uncommon trap: reason=unstable_if action=reinterpret pc=0x0000000002b6af00 method=java.net.URI.match(CJJ)Z @ 19
Event: 3.339 Thread 0x000000001c19a800 Uncommon trap: reason=unstable_if action=reinterpret pc=0x0000000002a85d88 method=java.net.URI.match(CJJ)Z @ 19

Classes redefined (0 events):
No events

Internal exceptions (10 events):
Event: 2.393 Thread 0x000000001c143800 Exception <a 'java/lang/NoSuchMethodError': <clinit>> (0x00000000d71a0ac8) thrown at [C:\src\AOSP-openjdk-git\hotspot\src\share\vm\prims\jni.cpp, line 1615]
Event: 2.394 Thread 0x000000001c143800 Exception <a 'java/lang/NoSuchMethodError': <clinit>> (0x00000000d71a9668) thrown at [C:\src\AOSP-openjdk-git\hotspot\src\share\vm\prims\jni.cpp, line 1615]
Event: 2.396 Thread 0x000000001c143800 Exception <a 'java/lang/NoSuchMethodError': <clinit>> (0x00000000d71bfa48) thrown at [C:\src\AOSP-openjdk-git\hotspot\src\share\vm\prims\jni.cpp, line 1615]
Event: 2.404 Thread 0x000000001c143800 Exception <a 'java/lang/NoSuchMethodError': <clinit>> (0x00000000d721a158) thrown at [C:\src\AOSP-openjdk-git\hotspot\src\share\vm\prims\jni.cpp, line 1615]
Event: 2.409 Thread 0x000000001c143800 Exception <a 'java/lang/NoSuchMethodError': <clinit>> (0x00000000d7246a68) thrown at [C:\src\AOSP-openjdk-git\hotspot\src\share\vm\prims\jni.cpp, line 1615]
Event: 2.415 Thread 0x000000001c143800 Exception <a 'java/lang/NoSuchMethodError': <clinit>> (0x00000000d7273ba0) thrown at [C:\src\AOSP-openjdk-git\hotspot\src\share\vm\prims\jni.cpp, line 1615]
Event: 2.416 Thread 0x000000001c143800 Exception <a 'java/lang/NoSuchMethodError': <clinit>> (0x00000000d727ec28) thrown at [C:\src\AOSP-openjdk-git\hotspot\src\share\vm\prims\jni.cpp, line 1615]
Event: 2.944 Thread 0x000000001c19a800 Exception <a 'java/lang/NoSuchMethodError': java.lang.Object.lambda$and$0(Ljava/util/function/Predicate;Ljava/lang/Object;)Z> (0x00000000d642d2f8) thrown at [C:\src\AOSP-openjdk-git\hotspot\src\share\vm\interpreter\linkResolver.cpp, line 620]
Event: 2.950 Thread 0x000000001c19a800 Exception <a 'java/lang/IncompatibleClassChangeError': Found class java.lang.Object, but interface was expected> (0x00000000d643dae8) thrown at [C:\src\AOSP-openjdk-git\hotspot\src\share\vm\interpreter\linkResolver.cpp, line 653]
Event: 2.953 Thread 0x000000001c19a800 Exception <a 'java/lang/NoSuchMethodError': java.lang.Object.lambda$or$2(Ljava/util/function/Predicate;Ljava/lang/Object;)Z> (0x00000000d6442a08) thrown at [C:\src\AOSP-openjdk-git\hotspot\src\share\vm\interpreter\linkResolver.cpp, line 620]

Events (10 events):
Event: 3.563 loading class org/gradle/configuration/internal/DefaultListenerBuildOperationDecorator done
Event: 3.563 loading class org/gradle/configuration/internal/DefaultListenerBuildOperationDecorator$BuildOperationEmittingClosure
Event: 3.563 loading class org/gradle/configuration/internal/DefaultListenerBuildOperationDecorator$BuildOperationEmittingClosure done
Event: 3.564 loading class org/gradle/launcher/exec/InProcessBuildActionExecuter$1
Event: 3.564 loading class org/gradle/launcher/exec/InProcessBuildActionExecuter$1 done
Event: 3.565 loading class org/gradle/internal/invocation/GradleBuildController
Event: 3.565 loading class org/gradle/internal/invocation/GradleBuildController done
Event: 3.565 loading class org/gradle/internal/invocation/BuildController
Event: 3.565 loading class org/gradle/internal/invocation/BuildController done
Event: 3.566 loading class org/gradle/internal/invocation/GradleBuildController$State


Dynamic libraries:
0x00007ff635d90000 - 0x00007ff635dc1000 	C:\Program Files\Android\Android Studio\jre\bin\java.exe
0x00007ffa5ad00000 - 0x00007ffa5aef0000 	C:\WINDOWS\SYSTEM32\ntdll.dll
0x00007ffa5a230000 - 0x00007ffa5a2e2000 	C:\WINDOWS\System32\KERNEL32.DLL
0x00007ffa58220000 - 0x00007ffa584c5000 	C:\WINDOWS\System32\KERNELBASE.dll
0x00007ffa5a970000 - 0x00007ffa5aa13000 	C:\WINDOWS\System32\ADVAPI32.dll
0x00007ffa5a2f0000 - 0x00007ffa5a38e000 	C:\WINDOWS\System32\msvcrt.dll
0x00007ffa5a730000 - 0x00007ffa5a7c7000 	C:\WINDOWS\System32\sechost.dll
0x00007ffa5aa90000 - 0x00007ffa5abb0000 	C:\WINDOWS\System32\RPCRT4.dll
0x00007ffa5a7d0000 - 0x00007ffa5a965000 	C:\WINDOWS\System32\USER32.dll
0x00007ffa58140000 - 0x00007ffa58161000 	C:\WINDOWS\System32\win32u.dll
0x00007ffa59370000 - 0x00007ffa59396000 	C:\WINDOWS\System32\GDI32.dll
0x00007ffa58c50000 - 0x00007ffa58de6000 	C:\WINDOWS\System32\gdi32full.dll
0x00007ffa58df0000 - 0x00007ffa58e8e000 	C:\WINDOWS\System32\msvcp_win.dll
0x00007ffa57e10000 - 0x00007ffa57f0a000 	C:\WINDOWS\System32\ucrtbase.dll
0x00007ffa49930000 - 0x00007ffa49bb4000 	C:\WINDOWS\WinSxS\amd64_microsoft.windows.common-controls_6595b64144ccf1df_6.0.18362.1082_none_9e8193e1e45b25c1\COMCTL32.dll
0x00007ffa59d40000 - 0x00007ffa5a075000 	C:\WINDOWS\System32\combase.dll
0x00007ffa58060000 - 0x00007ffa580e0000 	C:\WINDOWS\System32\bcryptPrimitives.dll
0x00007ffa5abc0000 - 0x00007ffa5abee000 	C:\WINDOWS\System32\IMM32.DLL
0x00000000680a0000 - 0x0000000068172000 	C:\Program Files\Android\Android Studio\jre\jre\bin\msvcr100.dll
0x00000000674c0000 - 0x0000000067d0b000 	C:\Program Files\Android\Android Studio\jre\jre\bin\server\jvm.dll
0x00007ffa593a0000 - 0x00007ffa593a8000 	C:\WINDOWS\System32\PSAPI.DLL
0x00007ffa50830000 - 0x00007ffa50839000 	C:\WINDOWS\SYSTEM32\WSOCK32.dll
0x00007ffa4cbe0000 - 0x00007ffa4cbea000 	C:\WINDOWS\SYSTEM32\VERSION.dll
0x00007ffa556a0000 - 0x00007ffa556c4000 	C:\WINDOWS\SYSTEM32\WINMM.dll
0x00007ffa5aa20000 - 0x00007ffa5aa8f000 	C:\WINDOWS\System32\WS2_32.dll
0x00007ffa55670000 - 0x00007ffa5569d000 	C:\WINDOWS\SYSTEM32\WINMMBASE.dll
0x00007ffa57d70000 - 0x00007ffa57dba000 	C:\WINDOWS\System32\cfgmgr32.dll
0x00007ffa49390000 - 0x00007ffa4939f000 	C:\Program Files\Android\Android Studio\jre\jre\bin\verify.dll
0x00007ffa424a0000 - 0x00007ffa424c9000 	C:\Program Files\Android\Android Studio\jre\jre\bin\java.dll
0x00007ffa3f350000 - 0x00007ffa3f366000 	C:\Program Files\Android\Android Studio\jre\jre\bin\zip.dll
0x00007ffa59650000 - 0x00007ffa59d37000 	C:\WINDOWS\System32\SHELL32.dll
0x00007ffa5a390000 - 0x00007ffa5a439000 	C:\WINDOWS\System32\shcore.dll
0x00007ffa584d0000 - 0x00007ffa58c50000 	C:\WINDOWS\System32\windows.storage.dll
0x00007ffa57cd0000 - 0x00007ffa57cf3000 	C:\WINDOWS\System32\profapi.dll
0x00007ffa57d20000 - 0x00007ffa57d6a000 	C:\WINDOWS\System32\powrprof.dll
0x00007ffa57ca0000 - 0x00007ffa57cb0000 	C:\WINDOWS\System32\UMPDC.dll
0x00007ffa5a550000 - 0x00007ffa5a5a2000 	C:\WINDOWS\System32\shlwapi.dll
0x00007ffa57d00000 - 0x00007ffa57d11000 	C:\WINDOWS\System32\kernel.appcore.dll
0x00007ffa57dc0000 - 0x00007ffa57dd7000 	C:\WINDOWS\System32\cryptsp.dll
0x00007ffa3e9d0000 - 0x00007ffa3e9ea000 	C:\Program Files\Android\Android Studio\jre\jre\bin\net.dll
0x00007ffa57490000 - 0x00007ffa574f7000 	C:\WINDOWS\system32\mswsock.dll
0x00007ffa3e9b0000 - 0x00007ffa3e9c3000 	C:\Program Files\Android\Android Studio\jre\jre\bin\nio.dll
0x00007ffa424d0000 - 0x00007ffa424f6000 	C:\Users\mo\.gradle\native\31\windows-amd64\native-platform.dll
0x00007ffa49380000 - 0x00007ffa4938d000 	C:\Program Files\Android\Android Studio\jre\jre\bin\management.dll
0x00007ffa57000000 - 0x00007ffa57033000 	C:\WINDOWS\system32\rsaenh.dll
0x00007ffa57de0000 - 0x00007ffa57e06000 	C:\WINDOWS\System32\bcrypt.dll
0x00007ffa57bc0000 - 0x00007ffa57be5000 	C:\WINDOWS\SYSTEM32\USERENV.dll
0x00007ffa57660000 - 0x00007ffa5766c000 	C:\WINDOWS\SYSTEM32\CRYPTBASE.dll
0x00007ffa571a0000 - 0x00007ffa571da000 	C:\WINDOWS\SYSTEM32\IPHLPAPI.DLL
0x00007ffa593b0000 - 0x00007ffa593b8000 	C:\WINDOWS\System32\NSI.dll
0x00007ffa4d210000 - 0x00007ffa4d226000 	C:\WINDOWS\SYSTEM32\dhcpcsvc6.DLL
0x00007ffa4d1f0000 - 0x00007ffa4d20c000 	C:\WINDOWS\SYSTEM32\dhcpcsvc.DLL
0x00007ffa571e0000 - 0x00007ffa572ab000 	C:\WINDOWS\SYSTEM32\DNSAPI.dll

VM Arguments:
jvm_args: -Xmx2048m -Dfile.encoding=windows-1256 -Duser.country=US -Duser.language=en -Duser.variant 
java_command: org.gradle.launcher.daemon.bootstrap.GradleDaemon 6.1.1
java_class_path (initial): C:\Users\mo\.gradle\wrapper\dists\gradle-6.1.1-all\cfmwm155h49vnt3hynmlrsdst\gradle-6.1.1\lib\gradle-launcher-6.1.1.jar
Launcher Type: SUN_STANDARD

Environment Variables:
PATH=C:\WINDOWS\system32;C:\WINDOWS;C:\WINDOWS\System32\Wbem;C:\WINDOWS\System32\WindowsPowerShell\v1.0\;C:\WINDOWS\System32\OpenSSH\;C:\Program Files\dotnet\;C:\Program Files\Microsoft SQL Server\130\Tools\Binn\;C:\Program Files (x86)\IVI Foundation\VISA\WinNT\Bin\;C:\Program Files\IVI Foundation\VISA\Win64\Bin\;C:\Program Files (x86)\IVI Foundation\VISA\WinNT\Bin;C:\Program Files\Git\cmd;C:\Users\mo\AppData\Local\Microsoft\WindowsApps;;F:\IntelliJ IDEA 2020.2.3\bin;
USERNAME=mo
OS=Windows_NT
PROCESSOR_IDENTIFIER=Intel64 Family 6 Model 60 Stepping 3, GenuineIntel



---------------  S Y S T E M  ---------------

OS: Windows 10.0 , 64 bit Build 18362 (10.0.18362.1082)

CPU:total 8 (initial active 8) (4 cores per cpu, 2 threads per core) family 6 model 60 stepping 3, cmov, cx8, fxsr, mmx, sse, sse2, sse3, ssse3, sse4.1, sse4.2, popcnt, avx, avx2, aes, clmul, erms, lzcnt, ht, tsc, tscinvbit, bmi1, bmi2

Memory: 4k page, physical 8291576k(1112752k free), swap 8291576k(4100k free)

vm_info: OpenJDK 64-Bit Server VM (25.242-b01) for windows-amd64 JRE (1.8.0_242-release-1644-b01), built by "builder" with MS VC++ 10.0 (VS2010)

time: Fri Dec 18 13:27:20 2020
timezone: Egypt Standard Time
elapsed time: 3 seconds (0d 0h 0m 3s)

